#
# A fatal error has been detected by the Java Runtime Environment:
#
#  EXCEPTION_ACCESS_VIOLATION (0xc0000005) at pc=0x000007feb2955dff, pid=7744, tid=9808
#
# JRE version: OpenJDK Runtime Environment Temurin-11.0.12+7 (11.0.12+7) (build 11.0.12+7)
# Java VM: OpenJDK 64-Bit Server VM Temurin-11.0.12+7 (11.0.12+7, mixed mode, tiered, compressed oops, g1 gc, windows-amd64)
# Problematic frame:
# V  [jvm.dll+0x655dff]
#
# No core dump will be written. Minidumps are not enabled by default on client versions of Windows
#
# If you would like to submit a bug report, please visit:
#   https://github.com/adoptium/adoptium-support/issues
#

---------------  S U M M A R Y ------------

Command Line: -XX:MaxMetaspaceSize=256m -XX:+HeapDumpOnOutOfMemoryError --add-opens=java.base/java.util=ALL-UNNAMED --add-opens=java.base/java.lang=ALL-UNNAMED --add-opens=java.base/java.lang.invoke=ALL-UNNAMED --add-opens=java.base/java.util=ALL-UNNAMED --add-opens=java.prefs/java.util.prefs=ALL-UNNAMED --add-opens=java.prefs/java.util.prefs=ALL-UNNAMED --add-opens=java.base/java.nio.charset=ALL-UNNAMED --add-opens=java.base/java.net=ALL-UNNAMED --add-opens=java.base/java.util.concurrent.atomic=ALL-UNNAMED -Xms256m -Xmx512m -Dfile.encoding=windows-1251 -Duser.country=RU -Duser.language=ru -Duser.variant org.gradle.launcher.daemon.bootstrap.GradleDaemon 7.1

Host: Intel(R) Xeon(R) CPU E3-1270 V2 @ 3.50GHz, 8 cores, 15G,  Windows 7 , 64 bit Build 7601 (6.1.7601.18015)
Time: Sun Dec 19 21:34:37 2021 Eaeeieia?aaneia a?aiy (ceia) elapsed time: 1496.459392 seconds (0d 0h 24m 56s)

---------------  T H R E A D  ---------------

Current thread (0x000000002f153000):  JavaThread "C2 CompilerThread2" daemon [_thread_in_native, id=9808, stack(0x0000000029660000,0x0000000029760000)]


Current CompileTask:
C2:1496460 9333  s!   4       jdk.internal.loader.URLClassPath::getLoader (194 bytes)

Stack: [0x0000000029660000,0x0000000029760000],  sp=0x000000002975b610,  free space=1005k
Native frames: (J=compiled Java code, j=interpreted, Vv=VM code, C=native code)
V  [jvm.dll+0x655dff]
V  [jvm.dll+0x19dc00]
V  [jvm.dll+0x205622]
V  [jvm.dll+0x2046fd]
V  [jvm.dll+0x1898fc]
V  [jvm.dll+0x213d67]
V  [jvm.dll+0x211f2b]
V  [jvm.dll+0x74ec19]
V  [jvm.dll+0x747c84]
V  [jvm.dll+0x600ba6]
C  [ucrtbase.DLL+0x1c1ae]
C  [kernel32.dll+0x1652d]
C  [ntdll.dll+0x2c541]


siginfo: EXCEPTION_ACCESS_VIOLATION (0xc0000005), reading address 0xffffffffffffffff


Register to memory mapping:

RIP=0x000007feb2955dff jvm.dll
RAX=0x000807feb2b10280 is an unknown value
RBX=0x000000002975be90 is pointing into the stack for thread: 0x000000002f153000
RCX=0x00000000251ff430 points into unknown readable memory: 0x000807feb2b10280 | 80 02 b1 b2 fe 07 08 00
RDX=0x00000000000008a8 is an unknown value
RSP=0x000000002975b610 is pointing into the stack for thread: 0x000000002f153000
RBP=0x000000002975b710 is pointing into the stack for thread: 0x000000002f153000
RSI=0x000000002ec4ff40 points into unknown readable memory: 0x0000000000000000 | 00 00 00 00 00 00 00 00
RDI=0x0 is NULL
R8 =0x0 is NULL
R9 =0x0000000000000003 is an unknown value
R10=0x000000000000000c is an unknown value
R11=0x000000000000000c is an unknown value
R12=0x0000000021e6d748 points into unknown readable memory: 0x000007feb2b59280 | 80 92 b5 b2 fe 07 00 00
R13=0x0000000000000006 is an unknown value
R14=0x0000000000000002 is an unknown value
R15=0x00000000251ff430 points into unknown readable memory: 0x000807feb2b10280 | 80 02 b1 b2 fe 07 08 00


Registers:
RAX=0x000807feb2b10280, RBX=0x000000002975be90, RCX=0x00000000251ff430, RDX=0x00000000000008a8
RSP=0x000000002975b610, RBP=0x000000002975b710, RSI=0x000000002ec4ff40, RDI=0x0000000000000000
R8 =0x0000000000000000, R9 =0x0000000000000003, R10=0x000000000000000c, R11=0x000000000000000c
R12=0x0000000021e6d748, R13=0x0000000000000006, R14=0x0000000000000002, R15=0x00000000251ff430
RIP=0x000007feb2955dff, EFLAGS=0x0000000000010283

Top of Stack: (sp=0x000000002975b610)
0x000000002975b610:   000000002975be90 0000000020ed6bb0
0x000000002975b620:   0000000000000005 00000000251f33a0
0x000000002975b630:   0000000000001b8a 0000000000000002
0x000000002975b640:   0000000000001b88 000000002975b801
0x000000002975b650:   0000000000000001 000000002975b920
0x000000002975b660:   0000000000000007 0000000000000002
0x000000002975b670:   0000000000000006 0000000021e6d748
0x000000002975b680:   0000000c0000197c 0000000000000000
0x000000002975b690:   0000000000000002 000000002ec4ff40
0x000000002975b6a0:   0000000027739f60 000004bb00000000
0x000000002975b6b0:   0000000027739fc0 0000000021d75960
0x000000002975b6c0:   00000000251ff430 0000197e00000000
0x000000002975b6d0:   000000002975bbc0 0000000000000014
0x000000002975b6e0:   000000002367bf80 0000000021d70360
0x000000002975b6f0:   0000000021d72e60 0000000000000000
0x000000002975b700:   0000000000000001 0000000027ea7e00 

Instructions: (pc=0x000007feb2955dff)
0x000007feb2955cff:   8b 4d 88 41 c6 01 00 eb 04 4c 8b 4d 88 8b 44 24
0x000007feb2955d0f:   74 8b 7c 24 70 ff c6 49 83 c5 08 89 b5 18 03 00
0x000007feb2955d1f:   00 49 ff c1 4c 89 6c 24 78 4c 89 4d 88 3b f0 0f
0x000007feb2955d2f:   82 8c fd ff ff 8b 7c 24 64 44 8b 6c 24 60 48 8b
0x000007feb2955d3f:   9d 00 03 00 00 44 8b 75 80 3b bb e8 00 00 00 0f
0x000007feb2955d4f:   83 d5 15 00 00 48 8b 43 70 44 8b c7 4c 89 45 e8
0x000007feb2955d5f:   4b 8d 34 80 48 c1 e6 05 48 03 70 20 41 0f b7 47
0x000007feb2955d6f:   30 83 e0 01 48 89 75 88 89 45 f4 74 6e 8b d8 49
0x000007feb2955d7f:   8b 47 08 48 8b 14 d8 48 8b 85 00 03 00 00 48 63
0x000007feb2955d8f:   4a 28 48 8b 80 28 01 00 00 3b 3c 88 75 46 49 8b
0x000007feb2955d9f:   cf e8 fb 97 fd ff 4d 8b 47 08 49 8b 0c d8 48 85
0x000007feb2955daf:   c9 74 26 48 8b 79 10 48 85 ff 74 1d 8b 41 20 48
0x000007feb2955dbf:   8d 14 c7 4c 39 7a f8 48 8d 52 f8 75 f6 ff c8 89
0x000007feb2955dcf:   41 20 48 8b 0c c7 48 89 0a 33 f6 49 89 34 d8 e9
0x000007feb2955ddf:   60 fc ff ff 48 8b 9d 00 03 00 00 41 8b 47 2c 83
0x000007feb2955def:   e0 7f 3c 4a 0f 84 62 02 00 00 49 8b 07 49 8b cf
0x000007feb2955dff:   ff 90 88 00 00 00 48 89 44 24 78 48 8b f0 48 85
0x000007feb2955e0f:   c0 74 0b 48 8b c8 e8 c6 95 b3 ff 44 8b f0 8b 4d
0x000007feb2955e1f:   80 bf 01 00 00 00 44 89 74 24 64 89 bd 18 03 00
0x000007feb2955e2f:   00 8d 41 ff 89 45 f0 3b cf 0f 86 15 02 00 00 66
0x000007feb2955e3f:   90 3b f8 76 0d 8b c7 41 2b c6 a8 01 0f 84 ee 01
0x000007feb2955e4f:   00 00 49 8b 47 08 8b cf 48 8b 0c c8 48 8b 83 28
0x000007feb2955e5f:   01 00 00 48 63 51 28 8b 0c 90 3b 8b e8 00 00 00
0x000007feb2955e6f:   0f 83 ca 01 00 00 48 8b 43 70 4c 8d 2c 89 8b d1
0x000007feb2955e7f:   49 c1 e5 05 48 8b 48 20 42 81 7c 29 30 2f 75 00
0x000007feb2955e8f:   00 0f 8c a9 01 00 00 48 8b 45 f8 44 8b 34 90 48
0x000007feb2955e9f:   8b 45 90 45 8b e6 44 89 74 24 70 4c 89 75 08 4a
0x000007feb2955eaf:   8b 1c f0 48 85 f6 0f 84 60 02 00 00 8b 4e 14 8b
0x000007feb2955ebf:   85 18 03 00 00 3b c8 77 14 3b 46 18 73 0f 2b c1
0x000007feb2955ecf:   83 e0 01 84 c0 74 21 8b 85 18 03 00 00 48 8b 0e
0x000007feb2955edf:   48 85 c9 0f 84 33 02 00 00 8b d0 e8 41 a5 b8 ff
0x000007feb2955eef:   84 c0 0f 84 24 02 00 00 4c 8b b5 00 03 00 00 48 


Stack slot to memory mapping:
stack at sp + 0 slots: 0x000000002975be90 is pointing into the stack for thread: 0x000000002f153000
stack at sp + 1 slots: 0x0000000020ed6bb0 points into unknown readable memory: 0x000007feb2b54b00 | 00 4b b5 b2 fe 07 00 00
stack at sp + 2 slots: 0x0000000000000005 is an unknown value
stack at sp + 3 slots: 0x00000000251f33a0 points into unknown readable memory: 0x000007feb2b54b00 | 00 4b b5 b2 fe 07 00 00
stack at sp + 4 slots: 0x0000000000001b8a is an unknown value
stack at sp + 5 slots: 0x0000000000000002 is an unknown value
stack at sp + 6 slots: 0x0000000000001b88 is an unknown value
stack at sp + 7 slots: 0x000000002975b801 is pointing into the stack for thread: 0x000000002f153000


---------------  P R O C E S S  ---------------

Threads class SMR info:
_java_thread_list=0x00000000284740e0, length=45, elements={
0x00000000004ac000, 0x000000001f8ca800, 0x000000001f8c2000, 0x000000001f8db000,
0x000000001f8dc000, 0x000000001f8dd000, 0x000000001f8e3800, 0x000000001f8e5000,
0x000000001f8fe000, 0x000000002059f000, 0x0000000023810000, 0x0000000022ed1800,
0x0000000022dee000, 0x00000000233ed800, 0x00000000233ee000, 0x00000000233ef000,
0x00000000233f0800, 0x00000000233f1800, 0x00000000233f2000, 0x00000000233f3000,
0x00000000233f4000, 0x00000000233f4800, 0x00000000233f5800, 0x00000000233f6000,
0x00000000233f7000, 0x00000000233f8000, 0x00000000233fb000, 0x0000000027e3b000,
0x0000000027e3e000, 0x00000000233ec800, 0x00000000233fa800, 0x00000000233f8800,
0x00000000233ef800, 0x00000000233f9800, 0x0000000027e3c800, 0x0000000027e3d000,
0x0000000027e3f800, 0x0000000027e40800, 0x0000000027e3f000, 0x000000002494b800,
0x000000002494c800, 0x000000002494d000, 0x0000000027b2d800, 0x000000002bb13800,
0x000000002f153000
}

Java Threads: ( => current thread )
  0x00000000004ac000 JavaThread "main" [_thread_blocked, id=11168, stack(0x00000000021b0000,0x00000000022b0000)]
  0x000000001f8ca800 JavaThread "Reference Handler" daemon [_thread_blocked, id=5984, stack(0x000000001ec10000,0x000000001ed10000)]
  0x000000001f8c2000 JavaThread "Finalizer" daemon [_thread_blocked, id=9236, stack(0x000000001fbc0000,0x000000001fcc0000)]
  0x000000001f8db000 JavaThread "Signal Dispatcher" daemon [_thread_blocked, id=2556, stack(0x000000001fd80000,0x000000001fe80000)]
  0x000000001f8dc000 JavaThread "Attach Listener" daemon [_thread_blocked, id=4380, stack(0x000000001ff80000,0x0000000020080000)]
  0x000000001f8dd000 JavaThread "Service Thread" daemon [_thread_blocked, id=3324, stack(0x0000000020220000,0x0000000020320000)]
  0x000000001f8e3800 JavaThread "C2 CompilerThread0" daemon [_thread_in_native, id=1948, stack(0x0000000020390000,0x0000000020490000)]
  0x000000001f8e5000 JavaThread "C1 CompilerThread0" daemon [_thread_blocked, id=4236, stack(0x000000001f930000,0x000000001fa30000)]
  0x000000001f8fe000 JavaThread "Sweeper thread" daemon [_thread_blocked, id=7288, stack(0x00000000200a0000,0x00000000201a0000)]
  0x000000002059f000 JavaThread "Common-Cleaner" daemon [_thread_blocked, id=8212, stack(0x0000000020930000,0x0000000020a30000)]
  0x0000000023810000 JavaThread "Daemon health stats" [_thread_blocked, id=4632, stack(0x0000000023cf0000,0x0000000023df0000)]
  0x0000000022ed1800 JavaThread "Incoming local TCP Connector on port 53697" [_thread_in_native, id=9692, stack(0x0000000025630000,0x0000000025730000)]
  0x0000000022dee000 JavaThread "Daemon periodic checks" [_thread_blocked, id=1480, stack(0x0000000025ac0000,0x0000000025bc0000)]
  0x00000000233ed800 JavaThread "Cache worker for journal cache (C:\Users\user\.gradle\caches\journal-1)" [_thread_blocked, id=8072, stack(0x0000000026850000,0x0000000026950000)]
  0x00000000233ee000 JavaThread "File lock request listener" [_thread_in_native, id=4060, stack(0x0000000026a40000,0x0000000026b40000)]
  0x00000000233ef000 JavaThread "Cache worker for file hash cache (C:\Users\user\.gradle\caches\7.1\fileHashes)" [_thread_blocked, id=2768, stack(0x000000001fe80000,0x000000001ff80000)]
  0x00000000233f0800 JavaThread "File watcher server" daemon [_thread_in_native, id=10784, stack(0x0000000028a80000,0x0000000028b80000)]
  0x00000000233f1800 JavaThread "File watcher consumer" daemon [_thread_blocked, id=6568, stack(0x0000000028b80000,0x0000000028c80000)]
  0x00000000233f2000 JavaThread "jar transforms" [_thread_blocked, id=10140, stack(0x00000000216d0000,0x00000000217d0000)]
  0x00000000233f3000 JavaThread "jar transforms Thread 2" [_thread_blocked, id=10680, stack(0x0000000020cb0000,0x0000000020db0000)]
  0x00000000233f4000 JavaThread "jar transforms Thread 3" [_thread_blocked, id=2448, stack(0x0000000026740000,0x0000000026840000)]
  0x00000000233f4800 JavaThread "jar transforms Thread 4" [_thread_blocked, id=8280, stack(0x0000000028cb0000,0x0000000028db0000)]
  0x00000000233f5800 JavaThread "jar transforms Thread 5" [_thread_blocked, id=3272, stack(0x0000000028e80000,0x0000000028f80000)]
  0x00000000233f6000 JavaThread "jar transforms Thread 6" [_thread_blocked, id=3532, stack(0x0000000027350000,0x0000000027450000)]
  0x00000000233f7000 JavaThread "jar transforms Thread 7" [_thread_blocked, id=8844, stack(0x0000000029060000,0x0000000029160000)]
  0x00000000233f8000 JavaThread "jar transforms Thread 8" [_thread_blocked, id=9580, stack(0x00000000292e0000,0x00000000293e0000)]
  0x00000000233fb000 JavaThread "Cache worker for execution history cache (C:\Users\user\.gradle\caches\7.1\executionHistory)" [_thread_blocked, id=10340, stack(0x0000000029bf0000,0x0000000029cf0000)]
  0x0000000027e3b000 JavaThread "Cache worker for file content cache (C:\Users\user\.gradle\caches\7.1\fileContent)" [_thread_blocked, id=6576, stack(0x000000002a370000,0x000000002a470000)]
  0x0000000027e3e000 JavaThread "Memory manager" [_thread_blocked, id=7544, stack(0x0000000026d30000,0x0000000026e30000)]
  0x00000000233ec800 JavaThread "Daemon Thread 3" [_thread_blocked, id=11748, stack(0x0000000025bc0000,0x0000000025cc0000)]
  0x00000000233fa800 JavaThread "Handler for socket connection from /127.0.0.1:53697 to /127.0.0.1:54100" [_thread_in_native, id=13256, stack(0x0000000025e00000,0x0000000025f00000)]
  0x00000000233f8800 JavaThread "Cancel handler" [_thread_blocked, id=11520, stack(0x0000000025d00000,0x0000000025e00000)]
  0x00000000233ef800 JavaThread "Daemon worker Thread 3" [_thread_in_Java, id=7060, stack(0x0000000026040000,0x0000000026140000)]
  0x00000000233f9800 JavaThread "Asynchronous log dispatcher for DefaultDaemonConnection: socket connection from /127.0.0.1:53697 to /127.0.0.1:54100" [_thread_blocked, id=5772, stack(0x0000000026240000,0x0000000026340000)]
  0x0000000027e3c800 JavaThread "Stdin handler" [_thread_blocked, id=10788, stack(0x0000000026360000,0x0000000026460000)]
  0x0000000027e3d000 JavaThread "Daemon client event forwarder" [_thread_blocked, id=11656, stack(0x0000000025f30000,0x0000000026030000)]
  0x0000000027e3f800 JavaThread "Cache worker for file hash cache (E:\Netology\Java\L16Selenium\CardOrder\.gradle\7.1\fileHashes)" [_thread_blocked, id=10724, stack(0x00000000293f0000,0x00000000294f0000)]
  0x0000000027e40800 JavaThread "Cache worker for checksums cache (E:\Netology\Java\L16Selenium\CardOrder\.gradle\checksums)" [_thread_blocked, id=4776, stack(0x0000000029560000,0x0000000029660000)]
  0x0000000027e3f000 JavaThread "Cache worker for cache directory md-supplier (C:\Users\user\.gradle\caches\7.1\md-supplier)" [_thread_blocked, id=12036, stack(0x000000002c350000,0x000000002c450000)]
  0x000000002494b800 JavaThread "Cache worker for cache directory md-rule (C:\Users\user\.gradle\caches\7.1\md-rule)" [_thread_blocked, id=9032, stack(0x000000002abe0000,0x000000002ace0000)]
  0x000000002494c800 JavaThread "Cache worker for dependencies-accessors (E:\Netology\Java\L16Selenium\CardOrder\.gradle\7.1\dependencies-accessors)" [_thread_blocked, id=8140, stack(0x000000002c500000,0x000000002c600000)]
  0x000000002494d000 JavaThread "Cache worker for Build Output Cleanup Cache (E:\Netology\Java\L16Selenium\CardOrder\.gradle\buildOutputCleanup)" [_thread_blocked, id=13020, stack(0x000000002cc70000,0x000000002cd70000)]
  0x0000000027b2d800 JavaThread "Cache worker for execution history cache (E:\Netology\Java\L16Selenium\CardOrder\.gradle\7.1\executionHistory)" [_thread_blocked, id=9840, stack(0x00000000303f0000,0x00000000304f0000)]
  0x000000002bb13800 JavaThread "C2 CompilerThread1" daemon [_thread_in_native, id=9144, stack(0x000000002fb60000,0x000000002fc60000)]
=>0x000000002f153000 JavaThread "C2 CompilerThread2" daemon [_thread_in_native, id=9808, stack(0x0000000029660000,0x0000000029760000)]

Other Threads:
  0x000000001f876800 VMThread "VM Thread" [stack: 0x000000001fa30000,0x000000001fb30000] [id=3932]
  0x00000000205a4000 WatcherThread [stack: 0x0000000020af0000,0x0000000020bf0000] [id=10728]
  0x00000000004c6000 GCTaskThread "GC Thread#0" [stack: 0x000000001a2d0000,0x000000001a3d0000] [id=5096]
  0x0000000022b2e800 GCTaskThread "GC Thread#1" [stack: 0x0000000023ba0000,0x0000000023ca0000] [id=8736]
  0x000000002208a000 GCTaskThread "GC Thread#2" [stack: 0x0000000023a20000,0x0000000023b20000] [id=3344]
  0x0000000022b3d000 GCTaskThread "GC Thread#3" [stack: 0x0000000023e50000,0x0000000023f50000] [id=5592]
  0x00000000222da000 GCTaskThread "GC Thread#4" [stack: 0x0000000023f60000,0x0000000024060000] [id=6684]
  0x00000000219e1800 GCTaskThread "GC Thread#5" [stack: 0x0000000024150000,0x0000000024250000] [id=8124]
  0x0000000022e35000 GCTaskThread "GC Thread#6" [stack: 0x0000000026c20000,0x0000000026d20000] [id=9264]
  0x0000000022596800 GCTaskThread "GC Thread#7" [stack: 0x0000000026e30000,0x0000000026f30000] [id=2604]
  0x00000000004d8000 ConcurrentGCThread "G1 Main Marker" [stack: 0x000000001bf20000,0x000000001c020000] [id=9276]
  0x00000000004da000 ConcurrentGCThread "G1 Conc#0" [stack: 0x000000001c1e0000,0x000000001c2e0000] [id=2420]
  0x0000000022e26000 ConcurrentGCThread "G1 Conc#1" [stack: 0x0000000027230000,0x0000000027330000] [id=2680]
  0x000000001e90a800 ConcurrentGCThread "G1 Refine#0" [stack: 0x000000001ed30000,0x000000001ee30000] [id=9140]
  0x000000001e90d800 ConcurrentGCThread "G1 Young RemSet Sampling" [stack: 0x000000001ee30000,0x000000001ef30000] [id=10996]

Threads with active compile tasks:
C2 CompilerThread01497227 9609       4       org.gradle.internal.serialize.kryo.StringDeduplicatingKryoBackedEncoder::writeString (20 bytes)
C1 CompilerThread01497227 9705       3       org.gradle.api.internal.model.DefaultObjectFactory::property (172 bytes)
C2 CompilerThread11497227 9604       4       org.gradle.internal.serialize.kryo.StringDeduplicatingKryoBackedEncoder::writeNullableString (114 bytes)
C2 CompilerThread21497228 9333  s!   4       jdk.internal.loader.URLClassPath::getLoader (194 bytes)

VM state:not at safepoint (normal execution)

VM Mutex/Monitor currently owned by a thread: None

Heap address: 0x00000000e0000000, size: 512 MB, Compressed Oops mode: 32-bit
Narrow klass base: 0x0000000000000000, Narrow klass shift: 3
Compressed class space size: 260046848 Address: 0x0000000100000000

Heap:
 garbage-first heap   total 262144K, used 115769K [0x00000000e0000000, 0x0000000100000000)
  region size 1024K, 46 young (47104K), 15 survivors (15360K)
 Metaspace       used 78134K, capacity 80598K, committed 80716K, reserved 325632K
  class space    used 10032K, capacity 10847K, committed 10880K, reserved 253952K
Heap Regions: E=young(eden), S=young(survivor), O=old, HS=humongous(starts), HC=humongous(continues), CS=collection set, F=free, A=archive, TAMS=top-at-mark-start (previous, next)
|   0|0x00000000e0000000, 0x00000000e0100000, 0x00000000e0100000|100%|HS|  |TAMS 0x00000000e0100000, 0x00000000e0000000| Complete 
|   1|0x00000000e0100000, 0x00000000e0200000, 0x00000000e0200000|100%|HC|  |TAMS 0x00000000e0200000, 0x00000000e0100000| Complete 
|   2|0x00000000e0200000, 0x00000000e0300000, 0x00000000e0300000|100%|HS|  |TAMS 0x00000000e0300000, 0x00000000e0200000| Complete 
|   3|0x00000000e0300000, 0x00000000e0400000, 0x00000000e0400000|100%|HS|  |TAMS 0x00000000e0400000, 0x00000000e0300000| Complete 
|   4|0x00000000e0400000, 0x00000000e0500000, 0x00000000e0500000|100%|HC|  |TAMS 0x00000000e0500000, 0x00000000e0400000| Complete 
|   5|0x00000000e0500000, 0x00000000e0600000, 0x00000000e0600000|100%|HC|  |TAMS 0x00000000e0600000, 0x00000000e0500000| Complete 
|   6|0x00000000e0600000, 0x00000000e0700000, 0x00000000e0700000|100%| O|  |TAMS 0x00000000e0700000, 0x00000000e0600000| Untracked 
|   7|0x00000000e0700000, 0x00000000e0800000, 0x00000000e0800000|100%| O|  |TAMS 0x00000000e0800000, 0x00000000e0700000| Untracked 
|   8|0x00000000e0800000, 0x00000000e0900000, 0x00000000e0900000|100%| O|  |TAMS 0x00000000e0900000, 0x00000000e0800000| Untracked 
|   9|0x00000000e0900000, 0x00000000e0a00000, 0x00000000e0a00000|100%|HS|  |TAMS 0x00000000e0a00000, 0x00000000e0900000| Complete 
|  10|0x00000000e0a00000, 0x00000000e0b00000, 0x00000000e0b00000|100%|HC|  |TAMS 0x00000000e0b00000, 0x00000000e0a00000| Complete 
|  11|0x00000000e0b00000, 0x00000000e0c00000, 0x00000000e0c00000|100%|HC|  |TAMS 0x00000000e0c00000, 0x00000000e0b00000| Complete 
|  12|0x00000000e0c00000, 0x00000000e0d00000, 0x00000000e0d00000|100%| O|  |TAMS 0x00000000e0d00000, 0x00000000e0c00000| Untracked 
|  13|0x00000000e0d00000, 0x00000000e0e00000, 0x00000000e0e00000|100%| O|  |TAMS 0x00000000e0e00000, 0x00000000e0d00000| Untracked 
|  14|0x00000000e0e00000, 0x00000000e0f00000, 0x00000000e0f00000|100%| O|  |TAMS 0x00000000e0f00000, 0x00000000e0e00000| Untracked 
|  15|0x00000000e0f00000, 0x00000000e1000000, 0x00000000e1000000|100%| O|  |TAMS 0x00000000e1000000, 0x00000000e0f00000| Untracked 
|  16|0x00000000e1000000, 0x00000000e1100000, 0x00000000e1100000|100%| O|  |TAMS 0x00000000e1100000, 0x00000000e1000000| Untracked 
|  17|0x00000000e1100000, 0x00000000e1200000, 0x00000000e1200000|100%| O|  |TAMS 0x00000000e1200000, 0x00000000e1100000| Untracked 
|  18|0x00000000e1200000, 0x00000000e1300000, 0x00000000e1300000|100%| O|  |TAMS 0x00000000e1300000, 0x00000000e1200000| Untracked 
|  19|0x00000000e1300000, 0x00000000e1400000, 0x00000000e1400000|100%| O|  |TAMS 0x00000000e1400000, 0x00000000e1300000| Untracked 
|  20|0x00000000e1400000, 0x00000000e1500000, 0x00000000e1500000|100%| O|  |TAMS 0x00000000e1500000, 0x00000000e1400000| Untracked 
|  21|0x00000000e1500000, 0x00000000e1600000, 0x00000000e1600000|100%| O|  |TAMS 0x00000000e1600000, 0x00000000e1500000| Untracked 
|  22|0x00000000e1600000, 0x00000000e1700000, 0x00000000e1700000|100%| O|  |TAMS 0x00000000e1700000, 0x00000000e1600000| Untracked 
|  23|0x00000000e1700000, 0x00000000e1800000, 0x00000000e1800000|100%|HS|  |TAMS 0x00000000e1800000, 0x00000000e1700000| Complete 
|  24|0x00000000e1800000, 0x00000000e1900000, 0x00000000e1900000|100%|HC|  |TAMS 0x00000000e1900000, 0x00000000e1800000| Complete 
|  25|0x00000000e1900000, 0x00000000e1a00000, 0x00000000e1a00000|100%|HS|  |TAMS 0x00000000e1a00000, 0x00000000e1900000| Complete 
|  26|0x00000000e1a00000, 0x00000000e1b00000, 0x00000000e1b00000|100%|HS|  |TAMS 0x00000000e1b00000, 0x00000000e1a00000| Complete 
|  27|0x00000000e1b00000, 0x00000000e1c00000, 0x00000000e1c00000|100%|HC|  |TAMS 0x00000000e1c00000, 0x00000000e1b00000| Complete 
|  28|0x00000000e1c00000, 0x00000000e1d00000, 0x00000000e1d00000|100%|HC|  |TAMS 0x00000000e1d00000, 0x00000000e1c00000| Complete 
|  29|0x00000000e1d00000, 0x00000000e1e00000, 0x00000000e1e00000|100%|HS|  |TAMS 0x00000000e1e00000, 0x00000000e1d00000| Complete 
|  30|0x00000000e1e00000, 0x00000000e1f00000, 0x00000000e1f00000|100%|HS|  |TAMS 0x00000000e1f00000, 0x00000000e1e00000| Complete 
|  31|0x00000000e1f00000, 0x00000000e2000000, 0x00000000e2000000|100%|HC|  |TAMS 0x00000000e2000000, 0x00000000e1f00000| Complete 
|  32|0x00000000e2000000, 0x00000000e2100000, 0x00000000e2100000|100%|HC|  |TAMS 0x00000000e2100000, 0x00000000e2000000| Complete 
|  33|0x00000000e2100000, 0x00000000e2200000, 0x00000000e2200000|100%|HC|  |TAMS 0x00000000e2200000, 0x00000000e2100000| Complete 
|  34|0x00000000e2200000, 0x00000000e2300000, 0x00000000e2300000|100%|HS|  |TAMS 0x00000000e2300000, 0x00000000e2200000| Complete 
|  35|0x00000000e2300000, 0x00000000e2400000, 0x00000000e2400000|100%|HC|  |TAMS 0x00000000e2400000, 0x00000000e2300000| Complete 
|  36|0x00000000e2400000, 0x00000000e2500000, 0x00000000e2500000|100%|HC|  |TAMS 0x00000000e2500000, 0x00000000e2400000| Complete 
|  37|0x00000000e2500000, 0x00000000e2600000, 0x00000000e2600000|100%|HC|  |TAMS 0x00000000e2600000, 0x00000000e2500000| Complete 
|  38|0x00000000e2600000, 0x00000000e2700000, 0x00000000e2700000|100%|HS|  |TAMS 0x00000000e2700000, 0x00000000e2600000| Complete 
|  39|0x00000000e2700000, 0x00000000e2800000, 0x00000000e2800000|100%|HC|  |TAMS 0x00000000e2800000, 0x00000000e2700000| Complete 
|  40|0x00000000e2800000, 0x00000000e2900000, 0x00000000e2900000|100%|HC|  |TAMS 0x00000000e2900000, 0x00000000e2800000| Complete 
|  41|0x00000000e2900000, 0x00000000e2a00000, 0x00000000e2a00000|100%|HS|  |TAMS 0x00000000e2a00000, 0x00000000e2900000| Complete 
|  42|0x00000000e2a00000, 0x00000000e2b00000, 0x00000000e2b00000|100%|HC|  |TAMS 0x00000000e2b00000, 0x00000000e2a00000| Complete 
|  43|0x00000000e2b00000, 0x00000000e2c00000, 0x00000000e2c00000|100%|HC|  |TAMS 0x00000000e2c00000, 0x00000000e2b00000| Complete 
|  44|0x00000000e2c00000, 0x00000000e2d00000, 0x00000000e2d00000|100%|HC|  |TAMS 0x00000000e2d00000, 0x00000000e2c00000| Complete 
|  45|0x00000000e2d00000, 0x00000000e2e00000, 0x00000000e2e00000|100%| O|  |TAMS 0x00000000e2e00000, 0x00000000e2d00000| Untracked 
|  46|0x00000000e2e00000, 0x00000000e2f00000, 0x00000000e2f00000|100%| O|  |TAMS 0x00000000e2f00000, 0x00000000e2e00000| Untracked 
|  47|0x00000000e2f00000, 0x00000000e3000000, 0x00000000e3000000|100%| O|  |TAMS 0x00000000e3000000, 0x00000000e2f00000| Untracked 
|  48|0x00000000e3000000, 0x00000000e3100000, 0x00000000e3100000|100%| O|  |TAMS 0x00000000e3100000, 0x00000000e3000000| Untracked 
|  49|0x00000000e3100000, 0x00000000e3200000, 0x00000000e3200000|100%| O|  |TAMS 0x00000000e3200000, 0x00000000e3100000| Untracked 
|  50|0x00000000e3200000, 0x00000000e3300000, 0x00000000e3300000|100%| O|  |TAMS 0x00000000e3300000, 0x00000000e3200000| Untracked 
|  51|0x00000000e3300000, 0x00000000e3400000, 0x00000000e3400000|100%| O|  |TAMS 0x00000000e3400000, 0x00000000e3300000| Untracked 
|  52|0x00000000e3400000, 0x00000000e3500000, 0x00000000e3500000|100%| O|  |TAMS 0x00000000e3500000, 0x00000000e3400000| Untracked 
|  53|0x00000000e3500000, 0x00000000e3600000, 0x00000000e3600000|100%| O|  |TAMS 0x00000000e3600000, 0x00000000e3500000| Untracked 
|  54|0x00000000e3600000, 0x00000000e3700000, 0x00000000e3700000|100%| O|  |TAMS 0x00000000e3700000, 0x00000000e3600000| Untracked 
|  55|0x00000000e3700000, 0x00000000e3800000, 0x00000000e3800000|100%| O|  |TAMS 0x00000000e3800000, 0x00000000e3700000| Untracked 
|  56|0x00000000e3800000, 0x00000000e3900000, 0x00000000e3900000|100%| O|  |TAMS 0x00000000e3900000, 0x00000000e3800000| Untracked 
|  57|0x00000000e3900000, 0x00000000e3a00000, 0x00000000e3a00000|100%| O|  |TAMS 0x00000000e3a00000, 0x00000000e3900000| Untracked 
|  58|0x00000000e3a00000, 0x00000000e3b00000, 0x00000000e3b00000|100%| O|  |TAMS 0x00000000e3b00000, 0x00000000e3a00000| Untracked 
|  59|0x00000000e3b00000, 0x00000000e3c00000, 0x00000000e3c00000|100%| O|  |TAMS 0x00000000e3c00000, 0x00000000e3b00000| Untracked 
|  60|0x00000000e3c00000, 0x00000000e3d00000, 0x00000000e3d00000|100%| O|  |TAMS 0x00000000e3d00000, 0x00000000e3c00000| Untracked 
|  61|0x00000000e3d00000, 0x00000000e3e00000, 0x00000000e3e00000|100%| O|  |TAMS 0x00000000e3e00000, 0x00000000e3d00000| Untracked 
|  62|0x00000000e3e00000, 0x00000000e3f00000, 0x00000000e3f00000|100%| O|  |TAMS 0x00000000e3f00000, 0x00000000e3e00000| Untracked 
|  63|0x00000000e3f00000, 0x00000000e4000000, 0x00000000e4000000|100%| O|  |TAMS 0x00000000e4000000, 0x00000000e3f00000| Untracked 
|  64|0x00000000e4000000, 0x00000000e4100000, 0x00000000e4100000|100%| O|  |TAMS 0x00000000e4100000, 0x00000000e4000000| Untracked 
|  65|0x00000000e4100000, 0x00000000e4200000, 0x00000000e4200000|100%| O|  |TAMS 0x00000000e4200000, 0x00000000e4100000| Untracked 
|  66|0x00000000e4200000, 0x00000000e4300000, 0x00000000e4300000|100%| O|  |TAMS 0x00000000e4300000, 0x00000000e4200000| Untracked 
|  67|0x00000000e4300000, 0x00000000e4400000, 0x00000000e4400000|100%| O|  |TAMS 0x00000000e4400000, 0x00000000e4300000| Untracked 
|  68|0x00000000e4400000, 0x00000000e445be00, 0x00000000e4500000| 35%| O|  |TAMS 0x00000000e445be00, 0x00000000e4400000| Untracked 
|  69|0x00000000e4500000, 0x00000000e4500000, 0x00000000e4600000|  0%| F|  |TAMS 0x00000000e4500000, 0x00000000e4500000| Untracked 
|  70|0x00000000e4600000, 0x00000000e4600000, 0x00000000e4700000|  0%| F|  |TAMS 0x00000000e4600000, 0x00000000e4600000| Untracked 
|  71|0x00000000e4700000, 0x00000000e4700000, 0x00000000e4800000|  0%| F|  |TAMS 0x00000000e4700000, 0x00000000e4700000| Untracked 
|  72|0x00000000e4800000, 0x00000000e4800000, 0x00000000e4900000|  0%| F|  |TAMS 0x00000000e4800000, 0x00000000e4800000| Untracked 
|  73|0x00000000e4900000, 0x00000000e4900000, 0x00000000e4a00000|  0%| F|  |TAMS 0x00000000e4900000, 0x00000000e4900000| Untracked 
|  74|0x00000000e4a00000, 0x00000000e4a00000, 0x00000000e4b00000|  0%| F|  |TAMS 0x00000000e4a00000, 0x00000000e4a00000| Untracked 
|  75|0x00000000e4b00000, 0x00000000e4b00000, 0x00000000e4c00000|  0%| F|  |TAMS 0x00000000e4b00000, 0x00000000e4b00000| Untracked 
|  76|0x00000000e4c00000, 0x00000000e4c00000, 0x00000000e4d00000|  0%| F|  |TAMS 0x00000000e4c00000, 0x00000000e4c00000| Untracked 
|  77|0x00000000e4d00000, 0x00000000e4d00000, 0x00000000e4e00000|  0%| F|  |TAMS 0x00000000e4d00000, 0x00000000e4d00000| Untracked 
|  78|0x00000000e4e00000, 0x00000000e4e00000, 0x00000000e4f00000|  0%| F|  |TAMS 0x00000000e4e00000, 0x00000000e4e00000| Untracked 
|  79|0x00000000e4f00000, 0x00000000e4f00000, 0x00000000e5000000|  0%| F|  |TAMS 0x00000000e4f00000, 0x00000000e4f00000| Untracked 
|  80|0x00000000e5000000, 0x00000000e5000000, 0x00000000e5100000|  0%| F|  |TAMS 0x00000000e5000000, 0x00000000e5000000| Untracked 
|  81|0x00000000e5100000, 0x00000000e5100000, 0x00000000e5200000|  0%| F|  |TAMS 0x00000000e5100000, 0x00000000e5100000| Untracked 
|  82|0x00000000e5200000, 0x00000000e5200000, 0x00000000e5300000|  0%| F|  |TAMS 0x00000000e5200000, 0x00000000e5200000| Untracked 
|  83|0x00000000e5300000, 0x00000000e5300000, 0x00000000e5400000|  0%| F|  |TAMS 0x00000000e5300000, 0x00000000e5300000| Untracked 
|  84|0x00000000e5400000, 0x00000000e5400000, 0x00000000e5500000|  0%| F|  |TAMS 0x00000000e5400000, 0x00000000e5400000| Untracked 
|  85|0x00000000e5500000, 0x00000000e5500000, 0x00000000e5600000|  0%| F|  |TAMS 0x00000000e5500000, 0x00000000e5500000| Untracked 
|  86|0x00000000e5600000, 0x00000000e5600000, 0x00000000e5700000|  0%| F|  |TAMS 0x00000000e5600000, 0x00000000e5600000| Untracked 
|  87|0x00000000e5700000, 0x00000000e5700000, 0x00000000e5800000|  0%| F|  |TAMS 0x00000000e5700000, 0x00000000e5700000| Untracked 
|  88|0x00000000e5800000, 0x00000000e5800000, 0x00000000e5900000|  0%| F|  |TAMS 0x00000000e5800000, 0x00000000e5800000| Untracked 
|  89|0x00000000e5900000, 0x00000000e5900000, 0x00000000e5a00000|  0%| F|  |TAMS 0x00000000e5900000, 0x00000000e5900000| Untracked 
|  90|0x00000000e5a00000, 0x00000000e5a00000, 0x00000000e5b00000|  0%| F|  |TAMS 0x00000000e5a00000, 0x00000000e5a00000| Untracked 
|  91|0x00000000e5b00000, 0x00000000e5b00000, 0x00000000e5c00000|  0%| F|  |TAMS 0x00000000e5b00000, 0x00000000e5b00000| Untracked 
|  92|0x00000000e5c00000, 0x00000000e5c00000, 0x00000000e5d00000|  0%| F|  |TAMS 0x00000000e5c00000, 0x00000000e5c00000| Untracked 
|  93|0x00000000e5d00000, 0x00000000e5d00000, 0x00000000e5e00000|  0%| F|  |TAMS 0x00000000e5d00000, 0x00000000e5d00000| Untracked 
|  94|0x00000000e5e00000, 0x00000000e5e00000, 0x00000000e5f00000|  0%| F|  |TAMS 0x00000000e5e00000, 0x00000000e5e00000| Untracked 
|  95|0x00000000e5f00000, 0x00000000e5f00000, 0x00000000e6000000|  0%| F|  |TAMS 0x00000000e5f00000, 0x00000000e5f00000| Untracked 
|  96|0x00000000e6000000, 0x00000000e6000000, 0x00000000e6100000|  0%| F|  |TAMS 0x00000000e6000000, 0x00000000e6000000| Untracked 
|  97|0x00000000e6100000, 0x00000000e6100000, 0x00000000e6200000|  0%| F|  |TAMS 0x00000000e6100000, 0x00000000e6100000| Untracked 
|  98|0x00000000e6200000, 0x00000000e6200000, 0x00000000e6300000|  0%| F|  |TAMS 0x00000000e6200000, 0x00000000e6200000| Untracked 
|  99|0x00000000e6300000, 0x00000000e6300000, 0x00000000e6400000|  0%| F|  |TAMS 0x00000000e6300000, 0x00000000e6300000| Untracked 
| 100|0x00000000e6400000, 0x00000000e6400000, 0x00000000e6500000|  0%| F|  |TAMS 0x00000000e6400000, 0x00000000e6400000| Untracked 
| 101|0x00000000e6500000, 0x00000000e6500000, 0x00000000e6600000|  0%| F|  |TAMS 0x00000000e6500000, 0x00000000e6500000| Untracked 
| 102|0x00000000e6600000, 0x00000000e6600000, 0x00000000e6700000|  0%| F|  |TAMS 0x00000000e6600000, 0x00000000e6600000| Untracked 
| 103|0x00000000e6700000, 0x00000000e6700000, 0x00000000e6800000|  0%| F|  |TAMS 0x00000000e6700000, 0x00000000e6700000| Untracked 
| 104|0x00000000e6800000, 0x00000000e6800000, 0x00000000e6900000|  0%| F|  |TAMS 0x00000000e6800000, 0x00000000e6800000| Untracked 
| 105|0x00000000e6900000, 0x00000000e6900000, 0x00000000e6a00000|  0%| F|  |TAMS 0x00000000e6900000, 0x00000000e6900000| Untracked 
| 106|0x00000000e6a00000, 0x00000000e6a00000, 0x00000000e6b00000|  0%| F|  |TAMS 0x00000000e6a00000, 0x00000000e6a00000| Untracked 
| 107|0x00000000e6b00000, 0x00000000e6b00000, 0x00000000e6c00000|  0%| F|  |TAMS 0x00000000e6b00000, 0x00000000e6b00000| Untracked 
| 108|0x00000000e6c00000, 0x00000000e6c00000, 0x00000000e6d00000|  0%| F|  |TAMS 0x00000000e6c00000, 0x00000000e6c00000| Untracked 
| 109|0x00000000e6d00000, 0x00000000e6d00000, 0x00000000e6e00000|  0%| F|  |TAMS 0x00000000e6d00000, 0x00000000e6d00000| Untracked 
| 110|0x00000000e6e00000, 0x00000000e6e00000, 0x00000000e6f00000|  0%| F|  |TAMS 0x00000000e6e00000, 0x00000000e6e00000| Untracked 
| 111|0x00000000e6f00000, 0x00000000e6f00000, 0x00000000e7000000|  0%| F|  |TAMS 0x00000000e6f00000, 0x00000000e6f00000| Untracked 
| 112|0x00000000e7000000, 0x00000000e7000000, 0x00000000e7100000|  0%| F|  |TAMS 0x00000000e7000000, 0x00000000e7000000| Untracked 
| 113|0x00000000e7100000, 0x00000000e7100000, 0x00000000e7200000|  0%| F|  |TAMS 0x00000000e7100000, 0x00000000e7100000| Untracked 
| 114|0x00000000e7200000, 0x00000000e7200000, 0x00000000e7300000|  0%| F|  |TAMS 0x00000000e7200000, 0x00000000e7200000| Untracked 
| 115|0x00000000e7300000, 0x00000000e73b2940, 0x00000000e7400000| 69%| S|CS|TAMS 0x00000000e7300000, 0x00000000e7300000| Complete 
| 116|0x00000000e7400000, 0x00000000e7500000, 0x00000000e7500000|100%| S|CS|TAMS 0x00000000e7400000, 0x00000000e7400000| Complete 
| 117|0x00000000e7500000, 0x00000000e7600000, 0x00000000e7600000|100%| S|CS|TAMS 0x00000000e7500000, 0x00000000e7500000| Complete 
| 118|0x00000000e7600000, 0x00000000e7700000, 0x00000000e7700000|100%| S|CS|TAMS 0x00000000e7600000, 0x00000000e7600000| Complete 
| 119|0x00000000e7700000, 0x00000000e7800000, 0x00000000e7800000|100%| S|CS|TAMS 0x00000000e7700000, 0x00000000e7700000| Complete 
| 120|0x00000000e7800000, 0x00000000e7900000, 0x00000000e7900000|100%| S|CS|TAMS 0x00000000e7800000, 0x00000000e7800000| Complete 
| 121|0x00000000e7900000, 0x00000000e7a00000, 0x00000000e7a00000|100%| S|CS|TAMS 0x00000000e7900000, 0x00000000e7900000| Complete 
| 122|0x00000000e7a00000, 0x00000000e7b00000, 0x00000000e7b00000|100%| S|CS|TAMS 0x00000000e7a00000, 0x00000000e7a00000| Complete 
| 123|0x00000000e7b00000, 0x00000000e7c00000, 0x00000000e7c00000|100%| S|CS|TAMS 0x00000000e7b00000, 0x00000000e7b00000| Complete 
| 124|0x00000000e7c00000, 0x00000000e7d00000, 0x00000000e7d00000|100%| S|CS|TAMS 0x00000000e7c00000, 0x00000000e7c00000| Complete 
| 125|0x00000000e7d00000, 0x00000000e7e00000, 0x00000000e7e00000|100%| S|CS|TAMS 0x00000000e7d00000, 0x00000000e7d00000| Complete 
| 126|0x00000000e7e00000, 0x00000000e7f00000, 0x00000000e7f00000|100%| S|CS|TAMS 0x00000000e7e00000, 0x00000000e7e00000| Complete 
| 127|0x00000000e7f00000, 0x00000000e7f00000, 0x00000000e8000000|  0%| F|  |TAMS 0x00000000e7f00000, 0x00000000e7f00000| Untracked 
| 128|0x00000000e8000000, 0x00000000e8000000, 0x00000000e8100000|  0%| F|  |TAMS 0x00000000e8000000, 0x00000000e8000000| Untracked 
| 129|0x00000000e8100000, 0x00000000e8100000, 0x00000000e8200000|  0%| F|  |TAMS 0x00000000e8100000, 0x00000000e8100000| Untracked 
| 130|0x00000000e8200000, 0x00000000e8200000, 0x00000000e8300000|  0%| F|  |TAMS 0x00000000e8200000, 0x00000000e8200000| Untracked 
| 131|0x00000000e8300000, 0x00000000e8300000, 0x00000000e8400000|  0%| F|  |TAMS 0x00000000e8300000, 0x00000000e8300000| Untracked 
| 132|0x00000000e8400000, 0x00000000e8400000, 0x00000000e8500000|  0%| F|  |TAMS 0x00000000e8400000, 0x00000000e8400000| Untracked 
| 133|0x00000000e8500000, 0x00000000e8500000, 0x00000000e8600000|  0%| F|  |TAMS 0x00000000e8500000, 0x00000000e8500000| Untracked 
| 134|0x00000000e8600000, 0x00000000e8600000, 0x00000000e8700000|  0%| F|  |TAMS 0x00000000e8600000, 0x00000000e8600000| Untracked 
| 135|0x00000000e8700000, 0x00000000e8700000, 0x00000000e8800000|  0%| F|  |TAMS 0x00000000e8700000, 0x00000000e8700000| Untracked 
| 136|0x00000000e8800000, 0x00000000e8900000, 0x00000000e8900000|100%| S|CS|TAMS 0x00000000e8800000, 0x00000000e8800000| Complete 
| 137|0x00000000e8900000, 0x00000000e8a00000, 0x00000000e8a00000|100%| S|CS|TAMS 0x00000000e8900000, 0x00000000e8900000| Complete 
| 138|0x00000000e8a00000, 0x00000000e8b00000, 0x00000000e8b00000|100%| S|CS|TAMS 0x00000000e8a00000, 0x00000000e8a00000| Complete 
| 139|0x00000000e8b00000, 0x00000000e8b00000, 0x00000000e8c00000|  0%| F|  |TAMS 0x00000000e8b00000, 0x00000000e8b00000| Untracked 
| 140|0x00000000e8c00000, 0x00000000e8c00000, 0x00000000e8d00000|  0%| F|  |TAMS 0x00000000e8c00000, 0x00000000e8c00000| Untracked 
| 141|0x00000000e8d00000, 0x00000000e8d00000, 0x00000000e8e00000|  0%| F|  |TAMS 0x00000000e8d00000, 0x00000000e8d00000| Untracked 
| 142|0x00000000e8e00000, 0x00000000e8e00000, 0x00000000e8f00000|  0%| F|  |TAMS 0x00000000e8e00000, 0x00000000e8e00000| Untracked 
| 143|0x00000000e8f00000, 0x00000000e8f00000, 0x00000000e9000000|  0%| F|  |TAMS 0x00000000e8f00000, 0x00000000e8f00000| Untracked 
| 144|0x00000000e9000000, 0x00000000e9000000, 0x00000000e9100000|  0%| F|  |TAMS 0x00000000e9000000, 0x00000000e9000000| Untracked 
| 145|0x00000000e9100000, 0x00000000e9100000, 0x00000000e9200000|  0%| F|  |TAMS 0x00000000e9100000, 0x00000000e9100000| Untracked 
| 146|0x00000000e9200000, 0x00000000e9200000, 0x00000000e9300000|  0%| F|  |TAMS 0x00000000e9200000, 0x00000000e9200000| Untracked 
| 147|0x00000000e9300000, 0x00000000e9300000, 0x00000000e9400000|  0%| F|  |TAMS 0x00000000e9300000, 0x00000000e9300000| Untracked 
| 148|0x00000000e9400000, 0x00000000e9400000, 0x00000000e9500000|  0%| F|  |TAMS 0x00000000e9400000, 0x00000000e9400000| Untracked 
| 149|0x00000000e9500000, 0x00000000e9500000, 0x00000000e9600000|  0%| F|  |TAMS 0x00000000e9500000, 0x00000000e9500000| Untracked 
| 150|0x00000000e9600000, 0x00000000e9600000, 0x00000000e9700000|  0%| F|  |TAMS 0x00000000e9600000, 0x00000000e9600000| Untracked 
| 151|0x00000000e9700000, 0x00000000e9700000, 0x00000000e9800000|  0%| F|  |TAMS 0x00000000e9700000, 0x00000000e9700000| Untracked 
| 152|0x00000000e9800000, 0x00000000e9800000, 0x00000000e9900000|  0%| F|  |TAMS 0x00000000e9800000, 0x00000000e9800000| Untracked 
| 153|0x00000000e9900000, 0x00000000e9900000, 0x00000000e9a00000|  0%| F|  |TAMS 0x00000000e9900000, 0x00000000e9900000| Untracked 
| 154|0x00000000e9a00000, 0x00000000e9a00000, 0x00000000e9b00000|  0%| F|  |TAMS 0x00000000e9a00000, 0x00000000e9a00000| Untracked 
| 155|0x00000000e9b00000, 0x00000000e9b00000, 0x00000000e9c00000|  0%| F|  |TAMS 0x00000000e9b00000, 0x00000000e9b00000| Untracked 
| 156|0x00000000e9c00000, 0x00000000e9c00000, 0x00000000e9d00000|  0%| F|  |TAMS 0x00000000e9c00000, 0x00000000e9c00000| Untracked 
| 157|0x00000000e9d00000, 0x00000000e9d00000, 0x00000000e9e00000|  0%| F|  |TAMS 0x00000000e9d00000, 0x00000000e9d00000| Untracked 
| 158|0x00000000e9e00000, 0x00000000e9e00000, 0x00000000e9f00000|  0%| F|  |TAMS 0x00000000e9e00000, 0x00000000e9e00000| Untracked 
| 159|0x00000000e9f00000, 0x00000000e9f00000, 0x00000000ea000000|  0%| F|  |TAMS 0x00000000e9f00000, 0x00000000e9f00000| Untracked 
| 160|0x00000000ea000000, 0x00000000ea000000, 0x00000000ea100000|  0%| F|  |TAMS 0x00000000ea000000, 0x00000000ea000000| Untracked 
| 161|0x00000000ea100000, 0x00000000ea100000, 0x00000000ea200000|  0%| F|  |TAMS 0x00000000ea100000, 0x00000000ea100000| Untracked 
| 162|0x00000000ea200000, 0x00000000ea200000, 0x00000000ea300000|  0%| F|  |TAMS 0x00000000ea200000, 0x00000000ea200000| Untracked 
| 163|0x00000000ea300000, 0x00000000ea300000, 0x00000000ea400000|  0%| F|  |TAMS 0x00000000ea300000, 0x00000000ea300000| Untracked 
| 164|0x00000000ea400000, 0x00000000ea400000, 0x00000000ea500000|  0%| F|  |TAMS 0x00000000ea400000, 0x00000000ea400000| Untracked 
| 165|0x00000000ea500000, 0x00000000ea500000, 0x00000000ea600000|  0%| F|  |TAMS 0x00000000ea500000, 0x00000000ea500000| Untracked 
| 166|0x00000000ea600000, 0x00000000ea600000, 0x00000000ea700000|  0%| F|  |TAMS 0x00000000ea600000, 0x00000000ea600000| Untracked 
| 167|0x00000000ea700000, 0x00000000ea700000, 0x00000000ea800000|  0%| F|  |TAMS 0x00000000ea700000, 0x00000000ea700000| Untracked 
| 168|0x00000000ea800000, 0x00000000ea800000, 0x00000000ea900000|  0%| F|  |TAMS 0x00000000ea800000, 0x00000000ea800000| Untracked 
| 169|0x00000000ea900000, 0x00000000ea900000, 0x00000000eaa00000|  0%| F|  |TAMS 0x00000000ea900000, 0x00000000ea900000| Untracked 
| 170|0x00000000eaa00000, 0x00000000eaa00000, 0x00000000eab00000|  0%| F|  |TAMS 0x00000000eaa00000, 0x00000000eaa00000| Untracked 
| 171|0x00000000eab00000, 0x00000000eab00000, 0x00000000eac00000|  0%| F|  |TAMS 0x00000000eab00000, 0x00000000eab00000| Untracked 
| 172|0x00000000eac00000, 0x00000000eac00000, 0x00000000ead00000|  0%| F|  |TAMS 0x00000000eac00000, 0x00000000eac00000| Untracked 
| 173|0x00000000ead00000, 0x00000000ead00000, 0x00000000eae00000|  0%| F|  |TAMS 0x00000000ead00000, 0x00000000ead00000| Untracked 
| 174|0x00000000eae00000, 0x00000000eae00000, 0x00000000eaf00000|  0%| F|  |TAMS 0x00000000eae00000, 0x00000000eae00000| Untracked 
| 175|0x00000000eaf00000, 0x00000000eaf00000, 0x00000000eb000000|  0%| F|  |TAMS 0x00000000eaf00000, 0x00000000eaf00000| Untracked 
| 176|0x00000000eb000000, 0x00000000eb000000, 0x00000000eb100000|  0%| F|  |TAMS 0x00000000eb000000, 0x00000000eb000000| Untracked 
| 177|0x00000000eb100000, 0x00000000eb100000, 0x00000000eb200000|  0%| F|  |TAMS 0x00000000eb100000, 0x00000000eb100000| Untracked 
| 178|0x00000000eb200000, 0x00000000eb200000, 0x00000000eb300000|  0%| F|  |TAMS 0x00000000eb200000, 0x00000000eb200000| Untracked 
| 179|0x00000000eb300000, 0x00000000eb300000, 0x00000000eb400000|  0%| F|  |TAMS 0x00000000eb300000, 0x00000000eb300000| Untracked 
| 180|0x00000000eb400000, 0x00000000eb400000, 0x00000000eb500000|  0%| F|  |TAMS 0x00000000eb400000, 0x00000000eb400000| Untracked 
| 181|0x00000000eb500000, 0x00000000eb500000, 0x00000000eb600000|  0%| F|  |TAMS 0x00000000eb500000, 0x00000000eb500000| Untracked 
| 182|0x00000000eb600000, 0x00000000eb600000, 0x00000000eb700000|  0%| F|  |TAMS 0x00000000eb600000, 0x00000000eb600000| Untracked 
| 183|0x00000000eb700000, 0x00000000eb700000, 0x00000000eb800000|  0%| F|  |TAMS 0x00000000eb700000, 0x00000000eb700000| Untracked 
| 184|0x00000000eb800000, 0x00000000eb800000, 0x00000000eb900000|  0%| F|  |TAMS 0x00000000eb800000, 0x00000000eb800000| Untracked 
| 185|0x00000000eb900000, 0x00000000eb900000, 0x00000000eba00000|  0%| F|  |TAMS 0x00000000eb900000, 0x00000000eb900000| Untracked 
| 186|0x00000000eba00000, 0x00000000eba00000, 0x00000000ebb00000|  0%| F|  |TAMS 0x00000000eba00000, 0x00000000eba00000| Untracked 
| 187|0x00000000ebb00000, 0x00000000ebb00000, 0x00000000ebc00000|  0%| F|  |TAMS 0x00000000ebb00000, 0x00000000ebb00000| Untracked 
| 188|0x00000000ebc00000, 0x00000000ebc00000, 0x00000000ebd00000|  0%| F|  |TAMS 0x00000000ebc00000, 0x00000000ebc00000| Untracked 
| 189|0x00000000ebd00000, 0x00000000ebd00000, 0x00000000ebe00000|  0%| F|  |TAMS 0x00000000ebd00000, 0x00000000ebd00000| Untracked 
| 190|0x00000000ebe00000, 0x00000000ebe00000, 0x00000000ebf00000|  0%| F|  |TAMS 0x00000000ebe00000, 0x00000000ebe00000| Untracked 
| 191|0x00000000ebf00000, 0x00000000ebf00000, 0x00000000ec000000|  0%| F|  |TAMS 0x00000000ebf00000, 0x00000000ebf00000| Untracked 
| 192|0x00000000ec000000, 0x00000000ec000000, 0x00000000ec100000|  0%| F|  |TAMS 0x00000000ec000000, 0x00000000ec000000| Untracked 
| 193|0x00000000ec100000, 0x00000000ec100000, 0x00000000ec200000|  0%| F|  |TAMS 0x00000000ec100000, 0x00000000ec100000| Untracked 
| 194|0x00000000ec200000, 0x00000000ec200000, 0x00000000ec300000|  0%| F|  |TAMS 0x00000000ec200000, 0x00000000ec200000| Untracked 
| 195|0x00000000ec300000, 0x00000000ec300000, 0x00000000ec400000|  0%| F|  |TAMS 0x00000000ec300000, 0x00000000ec300000| Untracked 
| 196|0x00000000ec400000, 0x00000000ec400000, 0x00000000ec500000|  0%| F|  |TAMS 0x00000000ec400000, 0x00000000ec400000| Untracked 
| 197|0x00000000ec500000, 0x00000000ec500000, 0x00000000ec600000|  0%| F|  |TAMS 0x00000000ec500000, 0x00000000ec500000| Untracked 
| 198|0x00000000ec600000, 0x00000000ec600000, 0x00000000ec700000|  0%| F|  |TAMS 0x00000000ec600000, 0x00000000ec600000| Untracked 
| 199|0x00000000ec700000, 0x00000000ec700000, 0x00000000ec800000|  0%| F|  |TAMS 0x00000000ec700000, 0x00000000ec700000| Untracked 
| 200|0x00000000ec800000, 0x00000000ec800000, 0x00000000ec900000|  0%| F|  |TAMS 0x00000000ec800000, 0x00000000ec800000| Untracked 
| 201|0x00000000ec900000, 0x00000000ec900000, 0x00000000eca00000|  0%| F|  |TAMS 0x00000000ec900000, 0x00000000ec900000| Untracked 
| 202|0x00000000eca00000, 0x00000000eca00000, 0x00000000ecb00000|  0%| F|  |TAMS 0x00000000eca00000, 0x00000000eca00000| Untracked 
| 203|0x00000000ecb00000, 0x00000000ecb00000, 0x00000000ecc00000|  0%| F|  |TAMS 0x00000000ecb00000, 0x00000000ecb00000| Untracked 
| 204|0x00000000ecc00000, 0x00000000ecc00000, 0x00000000ecd00000|  0%| F|  |TAMS 0x00000000ecc00000, 0x00000000ecc00000| Untracked 
| 205|0x00000000ecd00000, 0x00000000ecd00000, 0x00000000ece00000|  0%| F|  |TAMS 0x00000000ecd00000, 0x00000000ecd00000| Untracked 
| 206|0x00000000ece00000, 0x00000000ece00000, 0x00000000ecf00000|  0%| F|  |TAMS 0x00000000ece00000, 0x00000000ece00000| Untracked 
| 207|0x00000000ecf00000, 0x00000000ecf00000, 0x00000000ed000000|  0%| F|  |TAMS 0x00000000ecf00000, 0x00000000ecf00000| Untracked 
| 208|0x00000000ed000000, 0x00000000ed000000, 0x00000000ed100000|  0%| F|  |TAMS 0x00000000ed000000, 0x00000000ed000000| Untracked 
| 209|0x00000000ed100000, 0x00000000ed100000, 0x00000000ed200000|  0%| F|  |TAMS 0x00000000ed100000, 0x00000000ed100000| Untracked 
| 210|0x00000000ed200000, 0x00000000ed200000, 0x00000000ed300000|  0%| F|  |TAMS 0x00000000ed200000, 0x00000000ed200000| Untracked 
| 211|0x00000000ed300000, 0x00000000ed300000, 0x00000000ed400000|  0%| F|  |TAMS 0x00000000ed300000, 0x00000000ed300000| Untracked 
| 212|0x00000000ed400000, 0x00000000ed400000, 0x00000000ed500000|  0%| F|  |TAMS 0x00000000ed400000, 0x00000000ed400000| Untracked 
| 213|0x00000000ed500000, 0x00000000ed500000, 0x00000000ed600000|  0%| F|  |TAMS 0x00000000ed500000, 0x00000000ed500000| Untracked 
| 214|0x00000000ed600000, 0x00000000ed600000, 0x00000000ed700000|  0%| F|  |TAMS 0x00000000ed600000, 0x00000000ed600000| Untracked 
| 215|0x00000000ed700000, 0x00000000ed700000, 0x00000000ed800000|  0%| F|  |TAMS 0x00000000ed700000, 0x00000000ed700000| Untracked 
| 216|0x00000000ed800000, 0x00000000ed800000, 0x00000000ed900000|  0%| F|  |TAMS 0x00000000ed800000, 0x00000000ed800000| Untracked 
| 217|0x00000000ed900000, 0x00000000ed900000, 0x00000000eda00000|  0%| F|  |TAMS 0x00000000ed900000, 0x00000000ed900000| Untracked 
| 218|0x00000000eda00000, 0x00000000eda00000, 0x00000000edb00000|  0%| F|  |TAMS 0x00000000eda00000, 0x00000000eda00000| Untracked 
| 219|0x00000000edb00000, 0x00000000edb00000, 0x00000000edc00000|  0%| F|  |TAMS 0x00000000edb00000, 0x00000000edb00000| Untracked 
| 220|0x00000000edc00000, 0x00000000edc00000, 0x00000000edd00000|  0%| F|  |TAMS 0x00000000edc00000, 0x00000000edc00000| Untracked 
| 221|0x00000000edd00000, 0x00000000edd00000, 0x00000000ede00000|  0%| F|  |TAMS 0x00000000edd00000, 0x00000000edd00000| Untracked 
| 222|0x00000000ede00000, 0x00000000ede00000, 0x00000000edf00000|  0%| F|  |TAMS 0x00000000ede00000, 0x00000000ede00000| Untracked 
| 223|0x00000000edf00000, 0x00000000edf00000, 0x00000000ee000000|  0%| F|  |TAMS 0x00000000edf00000, 0x00000000edf00000| Untracked 
| 224|0x00000000ee000000, 0x00000000ee000000, 0x00000000ee100000|  0%| F|  |TAMS 0x00000000ee000000, 0x00000000ee000000| Untracked 
| 225|0x00000000ee100000, 0x00000000ee1f3858, 0x00000000ee200000| 95%| E|  |TAMS 0x00000000ee100000, 0x00000000ee100000| Complete 
| 226|0x00000000ee200000, 0x00000000ee300000, 0x00000000ee300000|100%| E|CS|TAMS 0x00000000ee200000, 0x00000000ee200000| Complete 
| 227|0x00000000ee300000, 0x00000000ee400000, 0x00000000ee400000|100%| E|CS|TAMS 0x00000000ee300000, 0x00000000ee300000| Complete 
| 228|0x00000000ee400000, 0x00000000ee500000, 0x00000000ee500000|100%| E|CS|TAMS 0x00000000ee400000, 0x00000000ee400000| Complete 
| 229|0x00000000ee500000, 0x00000000ee600000, 0x00000000ee600000|100%| E|CS|TAMS 0x00000000ee500000, 0x00000000ee500000| Complete 
| 230|0x00000000ee600000, 0x00000000ee700000, 0x00000000ee700000|100%| E|CS|TAMS 0x00000000ee600000, 0x00000000ee600000| Complete 
| 231|0x00000000ee700000, 0x00000000ee800000, 0x00000000ee800000|100%| E|CS|TAMS 0x00000000ee700000, 0x00000000ee700000| Complete 
| 232|0x00000000ee800000, 0x00000000ee900000, 0x00000000ee900000|100%| E|CS|TAMS 0x00000000ee800000, 0x00000000ee800000| Complete 
| 233|0x00000000ee900000, 0x00000000eea00000, 0x00000000eea00000|100%| E|CS|TAMS 0x00000000ee900000, 0x00000000ee900000| Complete 
| 234|0x00000000eea00000, 0x00000000eeb00000, 0x00000000eeb00000|100%| E|CS|TAMS 0x00000000eea00000, 0x00000000eea00000| Complete 
| 235|0x00000000eeb00000, 0x00000000eec00000, 0x00000000eec00000|100%| E|CS|TAMS 0x00000000eeb00000, 0x00000000eeb00000| Complete 
| 236|0x00000000eec00000, 0x00000000eed00000, 0x00000000eed00000|100%| E|CS|TAMS 0x00000000eec00000, 0x00000000eec00000| Complete 
| 237|0x00000000eed00000, 0x00000000eee00000, 0x00000000eee00000|100%| E|CS|TAMS 0x00000000eed00000, 0x00000000eed00000| Complete 
| 238|0x00000000eee00000, 0x00000000eef00000, 0x00000000eef00000|100%| E|CS|TAMS 0x00000000eee00000, 0x00000000eee00000| Complete 
| 239|0x00000000eef00000, 0x00000000ef000000, 0x00000000ef000000|100%| E|CS|TAMS 0x00000000eef00000, 0x00000000eef00000| Complete 
| 240|0x00000000ef000000, 0x00000000ef100000, 0x00000000ef100000|100%| E|CS|TAMS 0x00000000ef000000, 0x00000000ef000000| Complete 
| 241|0x00000000ef100000, 0x00000000ef200000, 0x00000000ef200000|100%| E|CS|TAMS 0x00000000ef100000, 0x00000000ef100000| Complete 
| 242|0x00000000ef200000, 0x00000000ef300000, 0x00000000ef300000|100%| E|CS|TAMS 0x00000000ef200000, 0x00000000ef200000| Complete 
| 243|0x00000000ef300000, 0x00000000ef400000, 0x00000000ef400000|100%| E|CS|TAMS 0x00000000ef300000, 0x00000000ef300000| Complete 
| 244|0x00000000ef400000, 0x00000000ef500000, 0x00000000ef500000|100%| E|CS|TAMS 0x00000000ef400000, 0x00000000ef400000| Complete 
| 245|0x00000000ef500000, 0x00000000ef600000, 0x00000000ef600000|100%| E|CS|TAMS 0x00000000ef500000, 0x00000000ef500000| Complete 
| 246|0x00000000ef600000, 0x00000000ef700000, 0x00000000ef700000|100%| E|CS|TAMS 0x00000000ef600000, 0x00000000ef600000| Complete 
| 247|0x00000000ef700000, 0x00000000ef800000, 0x00000000ef800000|100%| E|CS|TAMS 0x00000000ef700000, 0x00000000ef700000| Complete 
| 248|0x00000000ef800000, 0x00000000ef900000, 0x00000000ef900000|100%| E|CS|TAMS 0x00000000ef800000, 0x00000000ef800000| Complete 
| 249|0x00000000ef900000, 0x00000000efa00000, 0x00000000efa00000|100%| E|CS|TAMS 0x00000000ef900000, 0x00000000ef900000| Complete 
| 250|0x00000000efa00000, 0x00000000efb00000, 0x00000000efb00000|100%| E|CS|TAMS 0x00000000efa00000, 0x00000000efa00000| Complete 
| 251|0x00000000efb00000, 0x00000000efc00000, 0x00000000efc00000|100%| E|CS|TAMS 0x00000000efb00000, 0x00000000efb00000| Complete 
| 252|0x00000000efc00000, 0x00000000efd00000, 0x00000000efd00000|100%| E|CS|TAMS 0x00000000efc00000, 0x00000000efc00000| Complete 
| 253|0x00000000efd00000, 0x00000000efe00000, 0x00000000efe00000|100%| E|CS|TAMS 0x00000000efd00000, 0x00000000efd00000| Complete 
| 254|0x00000000efe00000, 0x00000000eff00000, 0x00000000eff00000|100%| E|CS|TAMS 0x00000000efe00000, 0x00000000efe00000| Complete 
| 255|0x00000000eff00000, 0x00000000f0000000, 0x00000000f0000000|100%| E|CS|TAMS 0x00000000eff00000, 0x00000000eff00000| Complete 

Card table byte_map: [0x000000001ac40000,0x000000001ad40000] _byte_map_base: 0x000000001a540000

Marking Bits (Prev, Next): (CMBitMap*) 0x00000000004d50c0, (CMBitMap*) 0x00000000004d5088
 Prev Bits: [0x000000001b640000, 0x000000001be40000)
 Next Bits: [0x000000001ae40000, 0x000000001b640000)

Polling page: 0x0000000000340000

Metaspace:

Usage:
  Non-class:     68.12 MB capacity,    66.51 MB ( 98%) used,     1.38 MB (  2%) free+waste,   237.50 KB ( <1%) overhead. 
      Class:     10.59 MB capacity,     9.80 MB ( 92%) used,   701.84 KB (  6%) free+waste,   112.44 KB (  1%) overhead. 
       Both:     78.71 MB capacity,    76.31 MB ( 97%) used,     2.06 MB (  3%) free+waste,   349.94 KB ( <1%) overhead. 

Virtual space:
  Non-class space:       70.00 MB reserved,      68.20 MB ( 97%) committed 
      Class space:      248.00 MB reserved,      10.63 MB (  4%) committed 
             Both:      318.00 MB reserved,      78.82 MB ( 25%) committed 

Chunk freelists:
   Non-Class:  20.00 KB
       Class:  1.00 KB
        Both:  21.00 KB

MaxMetaspaceSize: 256.00 MB
CompressedClassSpaceSize: 248.00 MB
Initial GC threshold: 20.80 MB
Current GC threshold: 98.67 MB
CDS: off

CodeHeap 'non-profiled nmethods': size=120000Kb used=6051Kb max_used=6051Kb free=113948Kb
 bounds [0x0000000012ad0000, 0x00000000130c0000, 0x000000001a000000]
CodeHeap 'profiled nmethods': size=120000Kb used=20905Kb max_used=20905Kb free=99094Kb
 bounds [0x000000000b5a0000, 0x000000000ca10000, 0x0000000012ad0000]
CodeHeap 'non-nmethods': size=5760Kb used=2374Kb max_used=2423Kb free=3386Kb
 bounds [0x000000000b000000, 0x000000000b280000, 0x000000000b5a0000]
 total_blobs=10466 nmethods=9576 adapters=802
 compilation: enabled
              stopped_count=0, restarted_count=0
 full_count=0

Compilation events (20 events):
Event: 1496.353 Thread 0x000000001f8e5000 nmethod 9483 0x000000000c96eb10 code [0x000000000c96ecc0, 0x000000000c96ee08]
Event: 1496.353 Thread 0x000000001f8e5000 9492       3       com.sun.org.apache.xerces.internal.impl.dtd.XMLDTDValidator::characters (255 bytes)
Event: 1496.363 Thread 0x000000001f8e5000 nmethod 9492 0x000000000c96ef10 code [0x000000000c96f240, 0x000000000c970898]
Event: 1496.364 Thread 0x000000001f8e5000 9495       3       com.sun.org.apache.xerces.internal.parsers.AbstractDOMParser::characters (394 bytes)
Event: 1496.369 Thread 0x000000002bb13800 nmethod 9486 0x00000000130aa410 code [0x00000000130aa5c0, 0x00000000130aa818]
Event: 1496.369 Thread 0x000000002bb13800 9487       4       com.sun.org.apache.xerces.internal.dom.DeferredDocumentImpl::getRealPrevSibling (49 bytes)
Event: 1496.384 Thread 0x000000001f8e5000 nmethod 9495 0x000000000c971010 code [0x000000000c9715c0, 0x000000000c974818]
Event: 1496.384 Thread 0x000000001f8e5000 9498       3       com.sun.org.apache.xerces.internal.util.SymbolTable::addSymbol (110 bytes)
Event: 1496.387 Thread 0x000000001f8e5000 nmethod 9498 0x000000000c975810 code [0x000000000c975a00, 0x000000000c975e58]
Event: 1496.387 Thread 0x000000001f8e5000 9493       3       com.sun.org.apache.xerces.internal.impl.XMLEntityScanner::checkNodeCount (22 bytes)
Event: 1496.388 Thread 0x000000002bb13800 nmethod 9487 0x00000000130aaa90 code [0x00000000130aac40, 0x00000000130aad88]
Event: 1496.388 Thread 0x000000002bb13800 9497       4       com.sun.org.apache.xerces.internal.impl.XMLEntityScanner::checkEntityLimit (50 bytes)
Event: 1496.388 Thread 0x000000001f8e5000 nmethod 9493 0x000000000c976110 code [0x000000000c9762e0, 0x000000000c9764a8]
Event: 1496.388 Thread 0x000000001f8e5000 9494       3       com.sun.org.apache.xerces.internal.impl.XMLDocumentFragmentScannerImpl::getCharacterData (17 bytes)
Event: 1496.389 Thread 0x000000001f8e5000 nmethod 9494 0x000000000c976590 code [0x000000000c976740, 0x000000000c976898]
Event: 1496.389 Thread 0x000000001f8e5000 9496       3       com.sun.org.apache.xerces.internal.dom.DeferredDocumentImpl::createDeferredTextNode (57 bytes)
Event: 1496.391 Thread 0x000000001f8e5000 nmethod 9496 0x000000000c976910 code [0x000000000c976ae0, 0x000000000c976d48]
Event: 1496.391 Thread 0x000000001f8e5000 9499       3       com.sun.org.apache.xerces.internal.impl.XMLEntityScanner::checkLimit (253 bytes)
Event: 1496.393 Thread 0x000000002bb13800 nmethod 9497 0x00000000130aaf10 code [0x00000000130ab0a0, 0x00000000130ab158]
Event: 1496.393 Thread 0x000000002bb13800 9500       4       com.sun.org.apache.xerces.internal.dom.DeferredDocumentImpl::setChunkIndex (67 bytes)

GC Heap History (18 events):
Event: 1.126 GC heap before
{Heap before GC invocations=0 (full 0):
 garbage-first heap   total 262144K, used 29696K [0x00000000e0000000, 0x0000000100000000)
  region size 1024K, 24 young (24576K), 0 survivors (0K)
 Metaspace       used 10169K, capacity 10498K, committed 10624K, reserved 264192K
  class space    used 1057K, capacity 1138K, committed 1152K, reserved 253952K
}
Event: 1.133 GC heap after
{Heap after GC invocations=1 (full 0):
 garbage-first heap   total 262144K, used 9192K [0x00000000e0000000, 0x0000000100000000)
  region size 1024K, 3 young (3072K), 3 survivors (3072K)
 Metaspace       used 10169K, capacity 10498K, committed 10624K, reserved 264192K
  class space    used 1057K, capacity 1138K, committed 1152K, reserved 253952K
}
Event: 3.512 GC heap before
{Heap before GC invocations=1 (full 0):
 garbage-first heap   total 262144K, used 106472K [0x00000000e0000000, 0x0000000100000000)
  region size 1024K, 99 young (101376K), 3 survivors (3072K)
 Metaspace       used 20630K, capacity 21087K, committed 21248K, reserved 272384K
  class space    used 2524K, capacity 2705K, committed 2816K, reserved 253952K
}
Event: 3.530 GC heap after
{Heap after GC invocations=2 (full 0):
 garbage-first heap   total 262144K, used 17292K [0x00000000e0000000, 0x0000000100000000)
  region size 1024K, 11 young (11264K), 11 survivors (11264K)
 Metaspace       used 20630K, capacity 21087K, committed 21248K, reserved 272384K
  class space    used 2524K, capacity 2705K, committed 2816K, reserved 253952K
}
Event: 5.425 GC heap before
{Heap before GC invocations=3 (full 0):
 garbage-first heap   total 262144K, used 85900K [0x00000000e0000000, 0x0000000100000000)
  region size 1024K, 72 young (73728K), 11 survivors (11264K)
 Metaspace       used 26871K, capacity 27617K, committed 27904K, reserved 278528K
  class space    used 3540K, capacity 3806K, committed 3840K, reserved 253952K
}
Event: 5.436 GC heap after
{Heap after GC invocations=4 (full 0):
 garbage-first heap   total 262144K, used 26093K [0x00000000e0000000, 0x0000000100000000)
  region size 1024K, 4 young (4096K), 4 survivors (4096K)
 Metaspace       used 26871K, capacity 27617K, committed 27904K, reserved 278528K
  class space    used 3540K, capacity 3806K, committed 3840K, reserved 253952K
}
Event: 6.448 GC heap before
{Heap before GC invocations=4 (full 0):
 garbage-first heap   total 262144K, used 80365K [0x00000000e0000000, 0x0000000100000000)
  region size 1024K, 58 young (59392K), 4 survivors (4096K)
 Metaspace       used 34879K, capacity 35748K, committed 35840K, reserved 286720K
  class space    used 4565K, capacity 4859K, committed 4864K, reserved 253952K
}
Event: 6.465 GC heap after
{Heap after GC invocations=5 (full 0):
 garbage-first heap   total 262144K, used 28828K [0x00000000e0000000, 0x0000000100000000)
  region size 1024K, 7 young (7168K), 7 survivors (7168K)
 Metaspace       used 34879K, capacity 35748K, committed 35840K, reserved 286720K
  class space    used 4565K, capacity 4859K, committed 4864K, reserved 253952K
}
Event: 8.656 GC heap before
{Heap before GC invocations=6 (full 0):
 garbage-first heap   total 262144K, used 149660K [0x00000000e0000000, 0x0000000100000000)
  region size 1024K, 114 young (116736K), 7 survivors (7168K)
 Metaspace       used 44275K, capacity 45413K, committed 45644K, reserved 294912K
  class space    used 5582K, capacity 5979K, committed 6016K, reserved 253952K
}
Event: 8.672 GC heap after
{Heap after GC invocations=7 (full 0):
 garbage-first heap   total 262144K, used 45703K [0x00000000e0000000, 0x0000000100000000)
  region size 1024K, 15 young (15360K), 15 survivors (15360K)
 Metaspace       used 44275K, capacity 45413K, committed 45644K, reserved 294912K
  class space    used 5582K, capacity 5979K, committed 6016K, reserved 253952K
}
Event: 11.145 GC heap before
{Heap before GC invocations=7 (full 0):
 garbage-first heap   total 262144K, used 194183K [0x00000000e0000000, 0x0000000100000000)
  region size 1024K, 146 young (149504K), 15 survivors (15360K)
 Metaspace       used 54847K, capacity 56417K, committed 56652K, reserved 303104K
  class space    used 7206K, capacity 7779K, committed 7808K, reserved 253952K
}
Event: 11.169 GC heap after
{Heap after GC invocations=8 (full 0):
 garbage-first heap   total 262144K, used 70326K [0x00000000e0000000, 0x0000000100000000)
  region size 1024K, 19 young (19456K), 19 survivors (19456K)
 Metaspace       used 54847K, capacity 56417K, committed 56652K, reserved 303104K
  class space    used 7206K, capacity 7779K, committed 7808K, reserved 253952K
}
Event: 12.040 GC heap before
{Heap before GC invocations=8 (full 0):
 garbage-first heap   total 262144K, used 149174K [0x00000000e0000000, 0x0000000100000000)
  region size 1024K, 97 young (99328K), 19 survivors (19456K)
 Metaspace       used 58457K, capacity 60194K, committed 60288K, reserved 307200K
  class space    used 7690K, capacity 8321K, committed 8372K, reserved 253952K
}
Event: 12.081 GC heap after
{Heap after GC invocations=9 (full 0):
 garbage-first heap   total 262144K, used 73071K [0x00000000e0000000, 0x0000000100000000)
  region size 1024K, 3 young (3072K), 3 survivors (3072K)
 Metaspace       used 58457K, capacity 60194K, committed 60288K, reserved 307200K
  class space    used 7690K, capacity 8321K, committed 8372K, reserved 253952K
}
Event: 113.549 GC heap before
{Heap before GC invocations=10 (full 0):
 garbage-first heap   total 262144K, used 191855K [0x00000000e0000000, 0x0000000100000000)
  region size 1024K, 120 young (122880K), 3 survivors (3072K)
 Metaspace       used 64485K, capacity 66465K, committed 66636K, reserved 311296K
  class space    used 8600K, capacity 9309K, committed 9344K, reserved 253952K
}
Event: 113.562 GC heap after
{Heap after GC invocations=11 (full 0):
 garbage-first heap   total 262144K, used 78308K [0x00000000e0000000, 0x0000000100000000)
  region size 1024K, 9 young (9216K), 9 survivors (9216K)
 Metaspace       used 64485K, capacity 66465K, committed 66636K, reserved 311296K
  class space    used 8600K, capacity 9309K, committed 9344K, reserved 253952K
}
Event: 1492.982 GC heap before
{Heap before GC invocations=11 (full 0):
 garbage-first heap   total 262144K, used 197092K [0x00000000e0000000, 0x0000000100000000)
  region size 1024K, 126 young (129024K), 9 survivors (9216K)
 Metaspace       used 71532K, capacity 73900K, committed 74060K, reserved 319488K
  class space    used 9241K, capacity 10045K, committed 10112K, reserved 253952K
}
Event: 1493.081 GC heap after
{Heap after GC invocations=12 (full 0):
 garbage-first heap   total 262144K, used 85049K [0x00000000e0000000, 0x0000000100000000)
  region size 1024K, 15 young (15360K), 15 survivors (15360K)
 Metaspace       used 71532K, capacity 73900K, committed 74060K, reserved 319488K
  class space    used 9241K, capacity 10045K, committed 10112K, reserved 253952K
}

Deoptimization events (20 events):
Event: 1495.780 Thread 0x00000000233ef800 Uncommon trap: trap_request=0xffffffde fr.pc=0x0000000013049c40 relative=0x0000000000000080
Event: 1495.780 Thread 0x00000000233ef800 Uncommon trap: reason=class_check action=maybe_recompile pc=0x0000000013049c40 method=com.google.common.io.CountingInputStream.read([BII)I @ 7 c2
Event: 1495.780 Thread 0x00000000233ef800 DEOPT PACKING pc=0x0000000013049c40 sp=0x00000000261387e0
Event: 1495.780 Thread 0x00000000233ef800 DEOPT UNPACKING pc=0x000000000b04a1af sp=0x0000000026138750 mode 2
Event: 1496.051 Thread 0x00000000233ef800 Uncommon trap: trap_request=0xffffffde fr.pc=0x0000000013049c40 relative=0x0000000000000080
Event: 1496.051 Thread 0x00000000233ef800 Uncommon trap: reason=class_check action=maybe_recompile pc=0x0000000013049c40 method=com.google.common.io.CountingInputStream.read([BII)I @ 7 c2
Event: 1496.051 Thread 0x00000000233ef800 DEOPT PACKING pc=0x0000000013049c40 sp=0x0000000026138080
Event: 1496.051 Thread 0x00000000233ef800 DEOPT UNPACKING pc=0x000000000b04a1af sp=0x0000000026137ff0 mode 2
Event: 1496.064 Thread 0x00000000233ef800 Uncommon trap: trap_request=0xffffffde fr.pc=0x0000000013049c40 relative=0x0000000000000080
Event: 1496.064 Thread 0x00000000233ef800 Uncommon trap: reason=class_check action=maybe_recompile pc=0x0000000013049c40 method=com.google.common.io.CountingInputStream.read([BII)I @ 7 c2
Event: 1496.064 Thread 0x00000000233ef800 DEOPT PACKING pc=0x0000000013049c40 sp=0x0000000026138090
Event: 1496.064 Thread 0x00000000233ef800 DEOPT UNPACKING pc=0x000000000b04a1af sp=0x0000000026138000 mode 2
Event: 1496.151 Thread 0x00000000233ef800 Uncommon trap: trap_request=0xffffff4d fr.pc=0x0000000012c98b1c relative=0x000000000000007c
Event: 1496.151 Thread 0x00000000233ef800 Uncommon trap: reason=unstable_if action=reinterpret pc=0x0000000012c98b1c method=java.util.HashMap$HashMapSpliterator.getFence()I @ 37 c2
Event: 1496.151 Thread 0x00000000233ef800 DEOPT PACKING pc=0x0000000012c98b1c sp=0x0000000026137480
Event: 1496.151 Thread 0x00000000233ef800 DEOPT UNPACKING pc=0x000000000b04a1af sp=0x0000000026137400 mode 2
Event: 1496.296 Thread 0x00000000233ef800 Uncommon trap: trap_request=0xffffffde fr.pc=0x0000000013049c40 relative=0x0000000000000080
Event: 1496.296 Thread 0x00000000233ef800 Uncommon trap: reason=class_check action=maybe_recompile pc=0x0000000013049c40 method=com.google.common.io.CountingInputStream.read([BII)I @ 7 c2
Event: 1496.296 Thread 0x00000000233ef800 DEOPT PACKING pc=0x0000000013049c40 sp=0x0000000026137530
Event: 1496.296 Thread 0x00000000233ef800 DEOPT UNPACKING pc=0x000000000b04a1af sp=0x00000000261374a0 mode 2

Classes redefined (0 events):
No events

Internal exceptions (20 events):
Event: 128.923 Thread 0x00000000233fa800 Exception <a 'java/lang/ClassNotFoundException'{0x00000000ecde9f70}: build_c0jzqgvrbws8xbvbbmdrcmyg4Customizer> (0x00000000ecde9f70) thrown at [./src/hotspot/share/classfile/systemDictionary.cpp, line 231]
Event: 128.992 Thread 0x00000000233f3000 Exception <a 'sun/nio/fs/WindowsException'{0x00000000ece4aae0}> (0x00000000ece4aae0) thrown at [./src/hotspot/share/prims/jni.cpp, line 615]
Event: 129.015 Thread 0x00000000233f3000 Exception <a 'sun/nio/fs/WindowsException'{0x00000000ecbab480}> (0x00000000ecbab480) thrown at [./src/hotspot/share/prims/jni.cpp, line 615]
Event: 129.017 Thread 0x00000000233f3000 Exception <a 'sun/nio/fs/WindowsException'{0x00000000ecbab5e8}> (0x00000000ecbab5e8) thrown at [./src/hotspot/share/prims/jni.cpp, line 615]
Event: 129.035 Thread 0x00000000233fa800 Exception <a 'java/lang/ClassNotFoundException'{0x00000000ecbf4c40}: build_c0jzqgvrbws8xbvbbmdrcmyg4BeanInfo> (0x00000000ecbf4c40) thrown at [./src/hotspot/share/classfile/systemDictionary.cpp, line 231]
Event: 129.036 Thread 0x00000000233fa800 Exception <a 'java/lang/ClassNotFoundException'{0x00000000ecbffb98}: build_c0jzqgvrbws8xbvbbmdrcmyg4Customizer> (0x00000000ecbffb98) thrown at [./src/hotspot/share/classfile/systemDictionary.cpp, line 231]
Event: 1490.991 Thread 0x00000000233ef800 Exception <a 'java/lang/ClassNotFoundException'{0x00000000e9b446f8}: build_c0jzqgvrbws8xbvbbmdrcmyg4BeanInfo> (0x00000000e9b446f8) thrown at [./src/hotspot/share/classfile/systemDictionary.cpp, line 231]
Event: 1490.992 Thread 0x00000000233ef800 Exception <a 'java/lang/ClassNotFoundException'{0x00000000e9b4f8e8}: build_c0jzqgvrbws8xbvbbmdrcmyg4Customizer> (0x00000000e9b4f8e8) thrown at [./src/hotspot/share/classfile/systemDictionary.cpp, line 231]
Event: 1491.222 Thread 0x00000000233f7000 Exception <a 'sun/nio/fs/WindowsException'{0x00000000ece3fee0}> (0x00000000ece3fee0) thrown at [./src/hotspot/share/prims/jni.cpp, line 615]
Event: 1491.250 Thread 0x00000000233f7000 Exception <a 'sun/nio/fs/WindowsException'{0x00000000e980fe98}> (0x00000000e980fe98) thrown at [./src/hotspot/share/prims/jni.cpp, line 615]
Event: 1491.254 Thread 0x00000000233f7000 Exception <a 'sun/nio/fs/WindowsException'{0x00000000e9810000}> (0x00000000e9810000) thrown at [./src/hotspot/share/prims/jni.cpp, line 615]
Event: 1491.281 Thread 0x00000000233ef800 Exception <a 'java/lang/ClassNotFoundException'{0x00000000e9881c18}: build_c0jzqgvrbws8xbvbbmdrcmyg4BeanInfo> (0x00000000e9881c18) thrown at [./src/hotspot/share/classfile/systemDictionary.cpp, line 231]
Event: 1491.282 Thread 0x00000000233ef800 Exception <a 'java/lang/ClassNotFoundException'{0x00000000e988cb70}: build_c0jzqgvrbws8xbvbbmdrcmyg4Customizer> (0x00000000e988cb70) thrown at [./src/hotspot/share/classfile/systemDictionary.cpp, line 231]
Event: 1491.727 Thread 0x00000000233ef800 Implicit null exception at 0x0000000012fd176d to 0x0000000012fd1798
Event: 1492.233 Thread 0x00000000233ef800 Exception <a 'sun/nio/fs/WindowsException'{0x00000000e91abc70}> (0x00000000e91abc70) thrown at [./src/hotspot/share/prims/jni.cpp, line 615]
Event: 1492.258 Thread 0x00000000233ef800 Implicit null exception at 0x0000000012eb48f8 to 0x0000000012eb6fb8
Event: 1495.438 Thread 0x00000000233ef800 Implicit null exception at 0x0000000012f8eff7 to 0x0000000012f8f188
Event: 1495.711 Thread 0x00000000233ef800 Exception <a 'java/lang/NoSuchMethodError'{0x00000000ee698180}: 'java.lang.Object java.lang.invoke.DirectMethodHandle$Holder.invokeSpecial(java.lang.Object, java.lang.Object, int, int, java.lang.Object, java.lang.Object, java.lang.Object)'> (0x00000000ee698180) thrown at [./src/hotspot/share/interpreter/linkResolver.cpp, line 773]
Event: 1495.714 Thread 0x00000000233ef800 Exception <a 'java/lang/NoSuchMethodError'{0x00000000ee69c458}: 'java.lang.Object java.lang.invoke.DelegatingMethodHandle$Holder.reinvoke_L(java.lang.Object, int, int, java.lang.Object, java.lang.Object, java.lang.Object)'> (0x00000000ee69c458) thrown at [./src/hotspot/share/interpreter/linkResolver.cpp, line 773]
Event: 1496.150 Thread 0x00000000233ef800 Implicit null exception at 0x0000000012c98aeb to 0x0000000012c98b0c

Events (20 events):
Event: 1496.097 loading class com/sun/org/apache/xerces/internal/dom/AttrImpl done
Event: 1496.097 loading class com/sun/org/apache/xerces/internal/dom/DeferredAttrImpl done
Event: 1496.099 loading class org/gradle/api/internal/artifacts/ivyservice/ivyresolve/parser/PomDomParser
Event: 1496.099 loading class org/gradle/api/internal/artifacts/ivyservice/ivyresolve/parser/PomDomParser done
Event: 1496.104 loading class com/sun/org/apache/xerces/internal/dom/DeferredTextImpl
Event: 1496.128 loading class com/sun/org/apache/xerces/internal/dom/TextImpl
Event: 1496.130 loading class org/w3c/dom/CharacterData
Event: 1496.130 loading class org/w3c/dom/CharacterData done
Event: 1496.130 loading class org/w3c/dom/Text
Event: 1496.130 loading class org/w3c/dom/Text done
Event: 1496.130 loading class com/sun/org/apache/xerces/internal/dom/CharacterDataImpl
Event: 1496.131 loading class com/sun/org/apache/xerces/internal/dom/CharacterDataImpl done
Event: 1496.131 loading class com/sun/org/apache/xerces/internal/dom/TextImpl done
Event: 1496.131 loading class com/sun/org/apache/xerces/internal/dom/DeferredTextImpl done
Event: 1496.132 loading class com/sun/org/apache/xerces/internal/dom/CharacterDataImpl$1
Event: 1496.132 loading class com/sun/org/apache/xerces/internal/dom/CharacterDataImpl$1 done
Event: 1496.134 loading class org/gradle/api/internal/artifacts/ivyservice/ivyresolve/parser/PomReader$GavProperty
Event: 1496.134 loading class org/gradle/api/internal/artifacts/ivyservice/ivyresolve/parser/PomReader$GavProperty done
Event: 1496.138 loading class org/apache/ivy/core/settings/IvyVariableContainerImpl
Event: 1496.138 loading class org/apache/ivy/core/settings/IvyVariableContainerImpl done


Dynamic libraries:
0x000000013f4c0000 - 0x000000013f4cd000 	C:\Program Files\Eclipse Foundation\jdk-11.0.12.7-hotspot\bin\java.exe
0x0000000077970000 - 0x0000000077b19000 	C:\Windows\SYSTEM32\ntdll.dll
0x000007fec3740000 - 0x000007fec3753000 	C:\Program Files\AVG\Antivirus\aswhook.dll
0x0000000077750000 - 0x000000007786f000 	C:\Windows\system32\kernel32.dll
0x000007fefd740000 - 0x000007fefd7ab000 	C:\Windows\system32\KERNELBASE.dll
0x000007fef0610000 - 0x000007fef0627000 	C:\Program Files\Eclipse Foundation\jdk-11.0.12.7-hotspot\bin\jli.dll
0x000007fefbe70000 - 0x000007fefc064000 	C:\Windows\WinSxS\amd64_microsoft.windows.common-controls_6595b64144ccf1df_6.0.7601.17514_none_fa396087175ac9ac\COMCTL32.dll
0x000007feffbe0000 - 0x000007feffc7f000 	C:\Windows\system32\msvcrt.dll
0x000007fefe560000 - 0x000007fefe5c7000 	C:\Windows\system32\GDI32.dll
0x0000000077870000 - 0x000000007796a000 	C:\Windows\system32\USER32.dll
0x000007fefe6d0000 - 0x000007fefe6de000 	C:\Windows\system32\LPK.dll
0x000007fefe6e0000 - 0x000007fefe7a9000 	C:\Windows\system32\USP10.dll
0x000007fefe620000 - 0x000007fefe691000 	C:\Windows\system32\SHLWAPI.dll
0x000007fef0a20000 - 0x000007fef0a35000 	C:\Program Files\Eclipse Foundation\jdk-11.0.12.7-hotspot\bin\VCRUNTIME140.dll
0x000007fef0600000 - 0x000007fef0604000 	C:\Program Files\Eclipse Foundation\jdk-11.0.12.7-hotspot\bin\api-ms-win-crt-runtime-l1-1-0.dll
0x000007fee1fd0000 - 0x000007fee20ca000 	C:\Program Files\Eclipse Foundation\jdk-11.0.12.7-hotspot\bin\ucrtbase.DLL
0x000007fef7770000 - 0x000007fef7773000 	C:\Program Files\Eclipse Foundation\jdk-11.0.12.7-hotspot\bin\api-ms-win-core-localization-l1-2-0.dll
0x000007fef05e0000 - 0x000007fef05e3000 	C:\Program Files\Eclipse Foundation\jdk-11.0.12.7-hotspot\bin\api-ms-win-core-processthreads-l1-1-1.dll
0x000007fef05f0000 - 0x000007fef05f3000 	C:\Program Files\Eclipse Foundation\jdk-11.0.12.7-hotspot\bin\api-ms-win-core-file-l1-2-0.dll
0x000007fef05c0000 - 0x000007fef05c3000 	C:\Program Files\Eclipse Foundation\jdk-11.0.12.7-hotspot\bin\api-ms-win-core-timezone-l1-1-0.dll
0x000007fef05d0000 - 0x000007fef05d3000 	C:\Program Files\Eclipse Foundation\jdk-11.0.12.7-hotspot\bin\api-ms-win-core-file-l2-1-0.dll
0x000007fef05a0000 - 0x000007fef05a3000 	C:\Program Files\Eclipse Foundation\jdk-11.0.12.7-hotspot\bin\api-ms-win-core-synch-l1-2-0.dll
0x000007fef05b0000 - 0x000007fef05b3000 	C:\Program Files\Eclipse Foundation\jdk-11.0.12.7-hotspot\bin\api-ms-win-crt-heap-l1-1-0.dll
0x000007fef0580000 - 0x000007fef0584000 	C:\Program Files\Eclipse Foundation\jdk-11.0.12.7-hotspot\bin\api-ms-win-crt-string-l1-1-0.dll
0x000007fef0590000 - 0x000007fef0594000 	C:\Program Files\Eclipse Foundation\jdk-11.0.12.7-hotspot\bin\api-ms-win-crt-stdio-l1-1-0.dll
0x000007fee2800000 - 0x000007fee2804000 	C:\Program Files\Eclipse Foundation\jdk-11.0.12.7-hotspot\bin\api-ms-win-crt-convert-l1-1-0.dll
0x000007feee330000 - 0x000007feee333000 	C:\Program Files\Eclipse Foundation\jdk-11.0.12.7-hotspot\bin\api-ms-win-crt-environment-l1-1-0.dll
0x000007fee27e0000 - 0x000007fee27e3000 	C:\Program Files\Eclipse Foundation\jdk-11.0.12.7-hotspot\bin\api-ms-win-crt-filesystem-l1-1-0.dll
0x000007fee27f0000 - 0x000007fee27f5000 	C:\Program Files\Eclipse Foundation\jdk-11.0.12.7-hotspot\bin\api-ms-win-crt-math-l1-1-0.dll
0x000007fee27c0000 - 0x000007fee27c3000 	C:\Program Files\Eclipse Foundation\jdk-11.0.12.7-hotspot\bin\api-ms-win-crt-locale-l1-1-0.dll
0x000007fefe6a0000 - 0x000007fefe6ce000 	C:\Windows\system32\IMM32.DLL
0x000007fefdae0000 - 0x000007fefdbe9000 	C:\Windows\system32\MSCTF.dll
0x000007fee2700000 - 0x000007fee279b000 	C:\Program Files\Eclipse Foundation\jdk-11.0.12.7-hotspot\bin\msvcp140.dll
0x000007fee27d0000 - 0x000007fee27d3000 	C:\Program Files\Eclipse Foundation\jdk-11.0.12.7-hotspot\bin\api-ms-win-crt-time-l1-1-0.dll
0x000007fee26f0000 - 0x000007fee26f3000 	C:\Program Files\Eclipse Foundation\jdk-11.0.12.7-hotspot\bin\api-ms-win-crt-utility-l1-1-0.dll
0x000007feb2300000 - 0x000007feb2e59000 	C:\Program Files\Eclipse Foundation\jdk-11.0.12.7-hotspot\bin\server\jvm.dll
0x000007fefe990000 - 0x000007fefea6b000 	C:\Windows\system32\ADVAPI32.dll
0x000007feffae0000 - 0x000007feffaff000 	C:\Windows\SYSTEM32\sechost.dll
0x000007fefea70000 - 0x000007fefeb9d000 	C:\Windows\system32\RPCRT4.dll
0x000007fefa970000 - 0x000007fefa979000 	C:\Windows\system32\WSOCK32.dll
0x000007fefe5d0000 - 0x000007fefe61d000 	C:\Windows\system32\WS2_32.dll
0x000007fefeba0000 - 0x000007fefeba8000 	C:\Windows\system32\NSI.dll
0x000007fef98c0000 - 0x000007fef98fb000 	C:\Windows\system32\WINMM.dll
0x000007fefc6b0000 - 0x000007fefc6bc000 	C:\Windows\system32\VERSION.dll
0x0000000077b30000 - 0x0000000077b37000 	C:\Windows\system32\PSAPI.DLL
0x000007fee27b0000 - 0x000007fee27c0000 	C:\Program Files\Eclipse Foundation\jdk-11.0.12.7-hotspot\bin\verify.dll
0x000007fef8da0000 - 0x000007fef8ec5000 	C:\Windows\system32\DBGHELP.DLL
0x000007fee26c0000 - 0x000007fee26e8000 	C:\Program Files\Eclipse Foundation\jdk-11.0.12.7-hotspot\bin\java.dll
0x000007fee26b0000 - 0x000007fee26ba000 	C:\Program Files\Eclipse Foundation\jdk-11.0.12.7-hotspot\bin\jimage.dll
0x000007fee2690000 - 0x000007fee26a7000 	C:\Program Files\Eclipse Foundation\jdk-11.0.12.7-hotspot\bin\zip.dll
0x000007fefebb0000 - 0x000007feff938000 	C:\Windows\system32\SHELL32.dll
0x000007fefdd80000 - 0x000007fefdf83000 	C:\Windows\system32\ole32.dll
0x000007fefd730000 - 0x000007fefd73f000 	C:\Windows\system32\profapi.dll
0x000007fee2670000 - 0x000007fee2689000 	C:\Program Files\Eclipse Foundation\jdk-11.0.12.7-hotspot\bin\net.dll
0x000007fef9840000 - 0x000007fef98b1000 	C:\Windows\system32\WINHTTP.dll
0x000007fef9730000 - 0x000007fef9794000 	C:\Windows\system32\webio.dll
0x000007fefcf00000 - 0x000007fefcf55000 	C:\Windows\system32\mswsock.dll
0x000007fefcef0000 - 0x000007fefcef7000 	C:\Windows\System32\wship6.dll
0x000007fee2650000 - 0x000007fee2662000 	C:\Program Files\Eclipse Foundation\jdk-11.0.12.7-hotspot\bin\nio.dll
0x000007fef29c0000 - 0x000007fef29e7000 	C:\Users\user\.gradle\native\8bec1ad78214c89d9ad589b4d07fe93259594b29d510b10fafb7a158f7737e5d\windows-amd64\native-platform.dll
0x000007fef0840000 - 0x000007fef097d000 	C:\Users\user\.gradle\native\53dbd7edfb1c66fb8903c78663c9afc45aea4f116125fa6feffd364cf09443e8\windows-amd64\native-platform-file-events.dll
0x000007fee2640000 - 0x000007fee2649000 	C:\Program Files\Eclipse Foundation\jdk-11.0.12.7-hotspot\bin\management.dll
0x000007fee1fc0000 - 0x000007fee1fcb000 	C:\Program Files\Eclipse Foundation\jdk-11.0.12.7-hotspot\bin\management_ext.dll
0x000007fefcf60000 - 0x000007fefcf77000 	C:\Windows\system32\CRYPTSP.dll
0x000007fefcc60000 - 0x000007fefcca7000 	C:\Windows\system32\rsaenh.dll
0x000007fefd980000 - 0x000007fefd99e000 	C:\Windows\system32\USERENV.dll
0x000007fefd5c0000 - 0x000007fefd5cf000 	C:\Windows\system32\CRYPTBASE.dll
0x000007fefacd0000 - 0x000007fefacf7000 	C:\Windows\system32\IPHLPAPI.DLL
0x000007fefacc0000 - 0x000007fefaccb000 	C:\Windows\system32\WINNSI.DLL
0x000007fefa9a0000 - 0x000007fefa9b1000 	C:\Windows\system32\dhcpcsvc6.DLL
0x000007fefa980000 - 0x000007fefa998000 	C:\Windows\system32\dhcpcsvc.DLL
0x000007fee1a40000 - 0x000007fee1a65000 	C:\Program Files\Eclipse Foundation\jdk-11.0.12.7-hotspot\bin\sunec.dll
0x000007fefc5f0000 - 0x000007fefc5f7000 	C:\Windows\System32\wshtcpip.dll
0x000007fefcd80000 - 0x000007fefcddb000 	C:\Windows\system32\DNSAPI.dll
0x000007feee540000 - 0x000007feee548000 	C:\Windows\system32\rasadhlp.dll
0x000007fefab80000 - 0x000007fefabd3000 	C:\Windows\System32\fwpuclnt.dll
0x000007fee20e0000 - 0x000007fee20ee000 	C:\Program Files\Eclipse Foundation\jdk-11.0.12.7-hotspot\bin\sunmscapi.dll
0x000007fefd7c0000 - 0x000007fefd92c000 	C:\Windows\system32\CRYPT32.dll
0x000007fefd720000 - 0x000007fefd72f000 	C:\Windows\system32\MSASN1.dll
0x000007fefd0e0000 - 0x000007fefd12d000 	C:\Windows\system32\ncrypt.dll
0x000007fefd0b0000 - 0x000007fefd0d2000 	C:\Windows\system32\bcrypt.dll

dbghelp: loaded successfully - version: 4.0.5 - missing functions: none
symbol engine: initialized successfully - sym options: 0x614 - pdb path: .;C:\Program Files\Eclipse Foundation\jdk-11.0.12.7-hotspot\bin;C:\Windows\SYSTEM32;C:\Program Files\AVG\Antivirus;C:\Windows\WinSxS\amd64_microsoft.windows.common-controls_6595b64144ccf1df_6.0.7601.17514_none_fa396087175ac9ac;C:\Program Files\Eclipse Foundation\jdk-11.0.12.7-hotspot\bin\server;C:\Users\user\.gradle\native\8bec1ad78214c89d9ad589b4d07fe93259594b29d510b10fafb7a158f7737e5d\windows-amd64;C:\Users\user\.gradle\native\53dbd7edfb1c66fb8903c78663c9afc45aea4f116125fa6feffd364cf09443e8\windows-amd64

VM Arguments:
jvm_args: -XX:MaxMetaspaceSize=256m -XX:+HeapDumpOnOutOfMemoryError --add-opens=java.base/java.util=ALL-UNNAMED --add-opens=java.base/java.lang=ALL-UNNAMED --add-opens=java.base/java.lang.invoke=ALL-UNNAMED --add-opens=java.base/java.util=ALL-UNNAMED --add-opens=java.prefs/java.util.prefs=ALL-UNNAMED --add-opens=java.prefs/java.util.prefs=ALL-UNNAMED --add-opens=java.base/java.nio.charset=ALL-UNNAMED --add-opens=java.base/java.net=ALL-UNNAMED --add-opens=java.base/java.util.concurrent.atomic=ALL-UNNAMED -Xms256m -Xmx512m -Dfile.encoding=windows-1251 -Duser.country=RU -Duser.language=ru -Duser.variant 
java_command: org.gradle.launcher.daemon.bootstrap.GradleDaemon 7.1
java_class_path (initial): C:\Users\user\.gradle\wrapper\dists\gradle-7.1-bin\4pslxx9lrxt5svtz5wbnb6tkz\gradle-7.1\lib\gradle-launcher-7.1.jar
Launcher Type: SUN_STANDARD

[Global flags]
     intx CICompilerCount                          = 4                                         {product} {ergonomic}
   size_t CompressedClassSpaceSize                 = 260046848                                 {product} {ergonomic}
     uint ConcGCThreads                            = 2                                         {product} {ergonomic}
     uint G1ConcRefinementThreads                  = 8                                         {product} {ergonomic}
   size_t G1HeapRegionSize                         = 1048576                                   {product} {ergonomic}
    uintx GCDrainStackTargetSize                   = 64                                        {product} {ergonomic}
     bool HeapDumpOnOutOfMemoryError               = true                                   {manageable} {command line}
   size_t InitialHeapSize                          = 268435456                                 {product} {command line}
   size_t MarkStackSize                            = 4194304                                   {product} {ergonomic}
   size_t MaxHeapSize                              = 536870912                                 {product} {command line}
   size_t MaxMetaspaceSize                         = 268435456                                 {product} {command line}
   size_t MaxNewSize                               = 321912832                                 {product} {ergonomic}
   size_t MinHeapDeltaBytes                        = 1048576                                   {product} {ergonomic}
    uintx NonNMethodCodeHeapSize                   = 5836300                                {pd product} {ergonomic}
    uintx NonProfiledCodeHeapSize                  = 122910970                              {pd product} {ergonomic}
    uintx ProfiledCodeHeapSize                     = 122910970                              {pd product} {ergonomic}
    uintx ReservedCodeCacheSize                    = 251658240                              {pd product} {ergonomic}
     bool SegmentedCodeCache                       = true                                      {product} {ergonomic}
     bool UseCompressedClassPointers               = true                                 {lp64_product} {ergonomic}
     bool UseCompressedOops                        = true                                 {lp64_product} {ergonomic}
     bool UseG1GC                                  = true                                      {product} {ergonomic}
     bool UseLargePagesIndividualAllocation        = false                                  {pd product} {ergonomic}

Logging:
Log output configuration:
 #0: stdout all=warning uptime,level,tags
 #1: stderr all=off uptime,level,tags

Environment Variables:
PATH=C:\Program Files\Eclipse Foundation\jdk-11.0.12.7-hotspot\bin;C:\Program Files (x86)\Intel\iCLS Client\;C:\Program Files\Intel\iCLS Client\;C:\Windows\system32;C:\Windows;C:\Windows\System32\Wbem;C:\Windows\System32\WindowsPowerShell\v1.0\;C:\Program Files\Intel\Intel(R) Management Engine Components\DAL;C:\Program Files\Intel\Intel(R) Management Engine Components\IPT;C:\Program Files (x86)\Intel\Intel(R) Management Engine Components\DAL;C:\Program Files (x86)\Intel\Intel(R) Management Engine Components\IPT;C:\Program Files (x86)\NVIDIA Corporation\PhysX\Common;C:\Program Files (x86)\QuickTime\QTSystem\;C:\Program Files\Git\cmd;C:\chromedriver
USERNAME=user
OS=Windows_NT
PROCESSOR_IDENTIFIER=Intel64 Family 6 Model 58 Stepping 9, GenuineIntel



---------------  S Y S T E M  ---------------

OS: Windows 7 , 64 bit Build 7601 (6.1.7601.18015)
OS uptime: 0 days 9:03 hours

CPU:total 8 (initial active 8) (4 cores per cpu, 2 threads per core) family 6 model 58 stepping 9 microcode 0x0, cmov, cx8, fxsr, mmx, sse, sse2, sse3, ssse3, sse4.1, sse4.2, popcnt, avx, aes, clmul, erms, ht, tsc, tscinvbit, tscinv

Memory: 4k page, system-wide physical 16329M (6251M free)
TotalPageFile size 32657M (AvailPageFile size 16321M)
current process WorkingSet (physical memory assigned to process): 469M, peak: 469M
current process commit charge ("private bytes"): 539M, peak: 539M

vm_info: OpenJDK 64-Bit Server VM (11.0.12+7) for windows-amd64 JRE (11.0.12+7), built on Jul 21 2021 16:23:49 by "" with unknown MS VC++:1916

END.
